<?xml version="1.0" encoding="UTF-8"?>
<testsuite name="edu.coursera.parallel.ReciprocalArraySumTest" time="18.422" tests="4" errors="4" skipped="0" failures="0">
  <properties>
[...]
</properties>
  <testcase name="testParSimpleTwoMillion" classname="edu.coursera.parallel.ReciprocalArraySumTest" time="1.049">
    <error message="Could not initialize class java.util.concurrent.locks.AbstractQueuedSynchronizer$ExclusiveNode" type="java.lang.NoClassDefFoundError">java.lang.NoClassDefFoundError: Could not initialize class java.util.concurrent.locks.AbstractQueuedSynchronizer$ExclusiveNode
	at java.base/java.util.concurrent.locks.AbstractQueuedSynchronizer.acquire(AbstractQueuedSynchronizer.java:694)
	at java.base/java.util.concurrent.locks.AbstractQueuedSynchronizer.acquire(AbstractQueuedSynchronizer.java:937)
	at java.base/java.util.concurrent.locks.ReentrantLock$Sync.lock(ReentrantLock.java:153)
	at java.base/java.util.concurrent.locks.ReentrantLock.lock(ReentrantLock.java:322)
	at java.base/java.util.concurrent.ForkJoinTask.recordExceptionalCompletion(ForkJoinTask.java:479)
	at java.base/java.util.concurrent.ForkJoinTask.setExceptionalCompletion(ForkJoinTask.java:507)
	at java.base/java.util.concurrent.ForkJoinTask.doExec(ForkJoinTask.java:298)
	at java.base/java.util.concurrent.ForkJoinTask.tryExternalHelp(ForkJoinTask.java:386)
	at java.base/java.util.concurrent.ForkJoinTask.externalAwaitDone(ForkJoinTask.java:328)
	at java.base/java.util.concurrent.ForkJoinTask.doJoin(ForkJoinTask.java:403)
	at java.base/java.util.concurrent.ForkJoinTask.join(ForkJoinTask.java:726)
	at java.base/java.util.concurrent.ForkJoinPool.invoke(ForkJoinPool.java:2432)
	at edu.coursera.parallel.ReciprocalArraySum.parArraySum(ReciprocalArraySum.java:164)
	at edu.coursera.parallel.ReciprocalArraySumTest.parTestHelper(ReciprocalArraySumTest.java:77)
	at edu.coursera.parallel.ReciprocalArraySumTest.testParSimpleTwoMillion(ReciprocalArraySumTest.java:117)
</error>
    <system-err><![CDATA[Exception in thread "ForkJoinPool.commonPool-worker-5" java.lang.NoClassDefFoundError: Could not initialize class java.util.concurrent.locks.AbstractQueuedSynchronizer$ExclusiveNode
	at java.base/java.util.concurrent.locks.AbstractQueuedSynchronizer.acquire(AbstractQueuedSynchronizer.java:694)
	at java.base/java.util.concurrent.locks.AbstractQueuedSynchronizer.acquire(AbstractQueuedSynchronizer.java:937)
	at java.base/java.util.concurrent.locks.ReentrantLock$Sync.lock(ReentrantLock.java:153)
	at java.base/java.util.concurrent.locks.ReentrantLock.lock(ReentrantLock.java:322)
	at java.base/java.util.concurrent.ForkJoinTask.recordExceptionalCompletion(ForkJoinTask.java:479)
	at java.base/java.util.concurrent.ForkJoinTask.setExceptionalCompletion(ForkJoinTask.java:507)
	at java.base/java.util.concurrent.ForkJoinTask.doExec(ForkJoinTask.java:298)
	at java.base/java.util.concurrent.ForkJoinPool$WorkQueue.topLevelExec(ForkJoinPool.java:1016)
	at java.base/java.util.concurrent.ForkJoinPool.scan(ForkJoinPool.java:1665)
	at java.base/java.util.concurrent.ForkJoinPool.runWorker(ForkJoinPool.java:1598)
	at java.base/java.util.concurrent.ForkJoinWorkerThread.run(ForkJoinWorkerThread.java:183)
Exception in thread "ForkJoinPool.commonPool-worker-9" java.lang.NoClassDefFoundError: Could not initialize class java.util.concurrent.locks.AbstractQueuedSynchronizer$ExclusiveNode
	at java.base/java.util.concurrent.locks.AbstractQueuedSynchronizer.acquire(AbstractQueuedSynchronizer.java:694)
	at java.base/java.util.concurrent.locks.AbstractQueuedSynchronizer.acquire(AbstractQueuedSynchronizer.java:937)
	at java.base/java.util.concurrent.locks.ReentrantLock$Sync.lock(ReentrantLock.java:153)
	at java.base/java.util.concurrent.locks.ReentrantLock.lock(ReentrantLock.java:322)
	at java.base/java.util.concurrent.ForkJoinTask.recordExceptionalCompletion(ForkJoinTask.java:479)
	at java.base/java.util.concurrent.ForkJoinTask.setExceptionalCompletion(ForkJoinTask.java:507)
	at java.base/java.util.concurrent.ForkJoinTask.doExec(ForkJoinTask.java:298)
	at java.base/java.util.concurrent.ForkJoinPool$WorkQueue.topLevelExec(ForkJoinPool.java:1016)
	at java.base/java.util.concurrent.ForkJoinPool.scan(ForkJoinPool.java:1665)
	at java.base/java.util.concurrent.ForkJoinPool.runWorker(ForkJoinPool.java:1598)
	at java.base/java.util.concurrent.ForkJoinWorkerThread.run(ForkJoinWorkerThread.java:183)
Exception in thread "ForkJoinPool.commonPool-worker-15" java.lang.NoClassDefFoundError: Could not initialize class java.util.concurrent.locks.AbstractQueuedSynchronizer$ExclusiveNode
	at java.base/java.util.concurrent.locks.AbstractQueuedSynchronizer.acquire(AbstractQueuedSynchronizer.java:694)
	at java.base/java.util.concurrent.locks.AbstractQueuedSynchronizer.acquire(AbstractQueuedSynchronizer.java:937)
	at java.base/java.util.concurrent.locks.ReentrantLock$Sync.lock(ReentrantLock.java:153)
	at java.base/java.util.concurrent.locks.ReentrantLock.lock(ReentrantLock.java:322)
	at java.base/java.util.concurrent.ForkJoinTask.recordExceptionalCompletion(ForkJoinTask.java:479)
	at java.base/java.util.concurrent.ForkJoinTask.setExceptionalCompletion(ForkJoinTask.java:507)
	at java.base/java.util.concurrent.ForkJoinTask.doExec(ForkJoinTask.java:298)
	at java.base/java.util.concurrent.ForkJoinPool$WorkQueue.topLevelExec(ForkJoinPool.java:1016)
	at java.base/java.util.concurrent.ForkJoinPool.scan(ForkJoinPool.java:1665)
	at java.base/java.util.concurrent.ForkJoinPool.runWorker(ForkJoinPool.java:1598)
	at java.base/java.util.concurrent.ForkJoinWorkerThread.run(ForkJoinWorkerThread.java:183)
Exception in thread "ForkJoinPool.commonPool-worker-3" java.lang.NoClassDefFoundError: Could not initialize class java.util.concurrent.locks.AbstractQueuedSynchronizer$ExclusiveNode
	at java.base/java.util.concurrent.locks.AbstractQueuedSynchronizer.acquire(AbstractQueuedSynchronizer.java:694)
	at java.base/java.util.concurrent.locks.AbstractQueuedSynchronizer.acquire(AbstractQueuedSynchronizer.java:937)
	at java.base/java.util.concurrent.locks.ReentrantLock$Sync.lock(ReentrantLock.java:153)
	at java.base/java.util.concurrent.locks.ReentrantLock.lock(ReentrantLock.java:322)
	at java.base/java.util.concurrent.ForkJoinTask.recordExceptionalCompletion(ForkJoinTask.java:479)
	at java.base/java.util.concurrent.ForkJoinTask.setExceptionalCompletion(ForkJoinTask.java:507)
	at java.base/java.util.concurrent.ForkJoinTask.doExec(ForkJoinTask.java:298)
	at java.base/java.util.concurrent.ForkJoinPool$WorkQueue.topLevelExec(ForkJoinPool.java:1016)
	at java.base/java.util.concurrent.ForkJoinPool.scan(ForkJoinPool.java:1665)
	at java.base/java.util.concurrent.ForkJoinPool.runWorker(ForkJoinPool.java:1598)
	at java.base/java.util.concurrent.ForkJoinWorkerThread.run(ForkJoinWorkerThread.java:183)
Exception in thread "ForkJoinPool.commonPool-worker-11" java.lang.NoClassDefFoundError: Could not initialize class java.util.concurrent.locks.AbstractQueuedSynchronizer$ExclusiveNode
	at java.base/java.util.concurrent.locks.AbstractQueuedSynchronizer.acquire(AbstractQueuedSynchronizer.java:694)
	at java.base/java.util.concurrent.locks.AbstractQueuedSynchronizer.acquire(AbstractQueuedSynchronizer.java:937)
	at java.base/java.util.concurrent.locks.ReentrantLock$Sync.lock(ReentrantLock.java:153)
	at java.base/java.util.concurrent.locks.ReentrantLock.lock(ReentrantLock.java:322)
	at java.base/java.util.concurrent.ForkJoinTask.recordExceptionalCompletion(ForkJoinTask.java:479)
	at java.base/java.util.concurrent.ForkJoinTask.setExceptionalCompletion(ForkJoinTask.java:507)
	at java.base/java.util.concurrent.ForkJoinTask.doExec(ForkJoinTask.java:298)
	at java.base/java.util.concurrent.ForkJoinPool$WorkQueue.topLevelExec(ForkJoinPool.java:1016)
	at java.base/java.util.concurrent.ForkJoinPool.scan(ForkJoinPool.java:1665)
	at java.base/java.util.concurrent.ForkJoinPool.runWorker(ForkJoinPool.java:1598)
	at java.base/java.util.concurrent.ForkJoinWorkerThread.run(ForkJoinWorkerThread.java:183)
Exception in thread "ForkJoinPool.commonPool-worker-13" java.lang.NoClassDefFoundError: Could not initialize class java.util.concurrent.locks.AbstractQueuedSynchronizer$ExclusiveNode
	at java.base/java.util.concurrent.locks.AbstractQueuedSynchronizer.acquire(AbstractQueuedSynchronizer.java:694)
	at java.base/java.util.concurrent.locks.AbstractQueuedSynchronizer.acquire(AbstractQueuedSynchronizer.java:937)
	at java.base/java.util.concurrent.locks.ReentrantLock$Sync.lock(ReentrantLock.java:153)
	at java.base/java.util.concurrent.locks.ReentrantLock.lock(ReentrantLock.java:322)
	at java.base/java.util.concurrent.ForkJoinTask.recordExceptionalCompletion(ForkJoinTask.java:479)
	at java.base/java.util.concurrent.ForkJoinTask.setExceptionalCompletion(ForkJoinTask.java:507)
	at java.base/java.util.concurrent.ForkJoinTask.doExec(ForkJoinTask.java:298)
	at java.base/java.util.concurrent.ForkJoinPool$WorkQueue.topLevelExec(ForkJoinPool.java:1016)
	at java.base/java.util.concurrent.ForkJoinPool.scan(ForkJoinPool.java:1665)
	at java.base/java.util.concurrent.ForkJoinPool.runWorker(ForkJoinPool.java:1598)
	at java.base/java.util.concurrent.ForkJoinWorkerThread.run(ForkJoinWorkerThread.java:183)
]]></system-err>
  </testcase>
  <testcase name="testParSimpleTwoHundredMillion" classname="edu.coursera.parallel.ReciprocalArraySumTest" time="8.16">
    <error message="Could not initialize class java.util.concurrent.locks.AbstractQueuedSynchronizer$ExclusiveNode" type="java.lang.NoClassDefFoundError">java.lang.NoClassDefFoundError: Could not initialize class java.util.concurrent.locks.AbstractQueuedSynchronizer$ExclusiveNode
	at java.base/java.util.concurrent.locks.AbstractQueuedSynchronizer.acquire(AbstractQueuedSynchronizer.java:694)
	at java.base/java.util.concurrent.locks.AbstractQueuedSynchronizer.acquire(AbstractQueuedSynchronizer.java:937)
	at java.base/java.util.concurrent.locks.ReentrantLock$Sync.lock(ReentrantLock.java:153)
	at java.base/java.util.concurrent.locks.ReentrantLock.lock(ReentrantLock.java:322)
	at java.base/java.util.concurrent.ForkJoinTask.recordExceptionalCompletion(ForkJoinTask.java:479)
	at java.base/java.util.concurrent.ForkJoinTask.setExceptionalCompletion(ForkJoinTask.java:507)
	at java.base/java.util.concurrent.ForkJoinTask.doExec(ForkJoinTask.java:298)
	at java.base/java.util.concurrent.ForkJoinTask.tryExternalHelp(ForkJoinTask.java:386)
	at java.base/java.util.concurrent.ForkJoinTask.externalAwaitDone(ForkJoinTask.java:328)
	at java.base/java.util.concurrent.ForkJoinTask.doJoin(ForkJoinTask.java:403)
	at java.base/java.util.concurrent.ForkJoinTask.join(ForkJoinTask.java:726)
	at java.base/java.util.concurrent.ForkJoinPool.invoke(ForkJoinPool.java:2432)
	at edu.coursera.parallel.ReciprocalArraySum.parArraySum(ReciprocalArraySum.java:164)
	at edu.coursera.parallel.ReciprocalArraySumTest.parTestHelper(ReciprocalArraySumTest.java:77)
	at edu.coursera.parallel.ReciprocalArraySumTest.testParSimpleTwoHundredMillion(ReciprocalArraySumTest.java:127)
</error>
    <system-err><![CDATA[Exception in thread "ForkJoinPool.commonPool-worker-5" java.lang.NoClassDefFoundError: Could not initialize class java.util.concurrent.locks.AbstractQueuedSynchronizer$ExclusiveNode
	at java.base/java.util.concurrent.locks.AbstractQueuedSynchronizer.acquire(AbstractQueuedSynchronizer.java:694)
	at java.base/java.util.concurrent.locks.AbstractQueuedSynchronizer.acquire(AbstractQueuedSynchronizer.java:937)
	at java.base/java.util.concurrent.locks.ReentrantLock$Sync.lock(ReentrantLock.java:153)
	at java.base/java.util.concurrent.locks.ReentrantLock.lock(ReentrantLock.java:322)
	at java.base/java.util.concurrent.ForkJoinTask.recordExceptionalCompletion(ForkJoinTask.java:479)
	at java.base/java.util.concurrent.ForkJoinTask.setExceptionalCompletion(ForkJoinTask.java:507)
	at java.base/java.util.concurrent.ForkJoinTask.doExec(ForkJoinTask.java:298)
	at java.base/java.util.concurrent.ForkJoinPool$WorkQueue.topLevelExec(ForkJoinPool.java:1016)
	at java.base/java.util.concurrent.ForkJoinPool.scan(ForkJoinPool.java:1665)
	at java.base/java.util.concurrent.ForkJoinPool.runWorker(ForkJoinPool.java:1598)
	at java.base/java.util.concurrent.ForkJoinWorkerThread.run(ForkJoinWorkerThread.java:183)
Exception in thread "ForkJoinPool.commonPool-worker-9" java.lang.NoClassDefFoundError: Could not initialize class java.util.concurrent.locks.AbstractQueuedSynchronizer$ExclusiveNode
	at java.base/java.util.concurrent.locks.AbstractQueuedSynchronizer.acquire(AbstractQueuedSynchronizer.java:694)
	at java.base/java.util.concurrent.locks.AbstractQueuedSynchronizer.acquire(AbstractQueuedSynchronizer.java:937)
	at java.base/java.util.concurrent.locks.ReentrantLock$Sync.lock(ReentrantLock.java:153)
	at java.base/java.util.concurrent.locks.ReentrantLock.lock(ReentrantLock.java:322)
	at java.base/java.util.concurrent.ForkJoinTask.recordExceptionalCompletion(ForkJoinTask.java:479)
	at java.base/java.util.concurrent.ForkJoinTask.setExceptionalCompletion(ForkJoinTask.java:507)
	at java.base/java.util.concurrent.ForkJoinTask.doExec(ForkJoinTask.java:298)
	at java.base/java.util.concurrent.ForkJoinPool$WorkQueue.topLevelExec(ForkJoinPool.java:1016)
	at java.base/java.util.concurrent.ForkJoinPool.scan(ForkJoinPool.java:1665)
	at java.base/java.util.concurrent.ForkJoinPool.runWorker(ForkJoinPool.java:1598)
	at java.base/java.util.concurrent.ForkJoinWorkerThread.run(ForkJoinWorkerThread.java:183)
Exception in thread "ForkJoinPool.commonPool-worker-15" java.lang.NoClassDefFoundError: Could not initialize class java.util.concurrent.locks.AbstractQueuedSynchronizer$ExclusiveNode
	at java.base/java.util.concurrent.locks.AbstractQueuedSynchronizer.acquire(AbstractQueuedSynchronizer.java:694)
	at java.base/java.util.concurrent.locks.AbstractQueuedSynchronizer.acquire(AbstractQueuedSynchronizer.java:937)
	at java.base/java.util.concurrent.locks.ReentrantLock$Sync.lock(ReentrantLock.java:153)
	at java.base/java.util.concurrent.locks.ReentrantLock.lock(ReentrantLock.java:322)
	at java.base/java.util.concurrent.ForkJoinTask.recordExceptionalCompletion(ForkJoinTask.java:479)
	at java.base/java.util.concurrent.ForkJoinTask.setExceptionalCompletion(ForkJoinTask.java:507)
	at java.base/java.util.concurrent.ForkJoinTask.doExec(ForkJoinTask.java:298)
	at java.base/java.util.concurrent.ForkJoinPool$WorkQueue.topLevelExec(ForkJoinPool.java:1016)
	at java.base/java.util.concurrent.ForkJoinPool.scan(ForkJoinPool.java:1665)
	at java.base/java.util.concurrent.ForkJoinPool.runWorker(ForkJoinPool.java:1598)
	at java.base/java.util.concurrent.ForkJoinWorkerThread.run(ForkJoinWorkerThread.java:183)
Exception in thread "ForkJoinPool.commonPool-worker-11" java.lang.NoClassDefFoundError: Could not initialize class java.util.concurrent.locks.AbstractQueuedSynchronizer$ExclusiveNode
	at java.base/java.util.concurrent.locks.AbstractQueuedSynchronizer.acquire(AbstractQueuedSynchronizer.java:694)
	at java.base/java.util.concurrent.locks.AbstractQueuedSynchronizer.acquire(AbstractQueuedSynchronizer.java:937)
	at java.base/java.util.concurrent.locks.ReentrantLock$Sync.lock(ReentrantLock.java:153)
	at java.base/java.util.concurrent.locks.ReentrantLock.lock(ReentrantLock.java:322)
	at java.base/java.util.concurrent.ForkJoinTask.recordExceptionalCompletion(ForkJoinTask.java:479)
	at java.base/java.util.concurrent.ForkJoinTask.setExceptionalCompletion(ForkJoinTask.java:507)
	at java.base/java.util.concurrent.ForkJoinTask.doExec(ForkJoinTask.java:298)
	at java.base/java.util.concurrent.ForkJoinPool$WorkQueue.topLevelExec(ForkJoinPool.java:1016)
	at java.base/java.util.concurrent.ForkJoinPool.scan(ForkJoinPool.java:1665)
	at java.base/java.util.concurrent.ForkJoinPool.runWorker(ForkJoinPool.java:1598)
	at java.base/java.util.concurrent.ForkJoinWorkerThread.run(ForkJoinWorkerThread.java:183)
Exception in thread "ForkJoinPool.commonPool-worker-13" java.lang.NoClassDefFoundError: Could not initialize class java.util.concurrent.locks.AbstractQueuedSynchronizer$ExclusiveNode
	at java.base/java.util.concurrent.locks.AbstractQueuedSynchronizer.acquire(AbstractQueuedSynchronizer.java:694)
	at java.base/java.util.concurrent.locks.AbstractQueuedSynchronizer.acquire(AbstractQueuedSynchronizer.java:937)
	at java.base/java.util.concurrent.locks.ReentrantLock$Sync.lock(ReentrantLock.java:153)
	at java.base/java.util.concurrent.locks.ReentrantLock.lock(ReentrantLock.java:322)
	at java.base/java.util.concurrent.ForkJoinTask.recordExceptionalCompletion(ForkJoinTask.java:479)
	at java.base/java.util.concurrent.ForkJoinTask.setExceptionalCompletion(ForkJoinTask.java:507)
	at java.base/java.util.concurrent.ForkJoinTask.doExec(ForkJoinTask.java:298)
	at java.base/java.util.concurrent.ForkJoinPool$WorkQueue.topLevelExec(ForkJoinPool.java:1016)
	at java.base/java.util.concurrent.ForkJoinPool.scan(ForkJoinPool.java:1665)
	at java.base/java.util.concurrent.ForkJoinPool.runWorker(ForkJoinPool.java:1598)
	at java.base/java.util.concurrent.ForkJoinWorkerThread.run(ForkJoinWorkerThread.java:183)
Exception in thread "ForkJoinPool.commonPool-worker-1" java.lang.NoClassDefFoundError: Could not initialize class java.util.concurrent.locks.AbstractQueuedSynchronizer$ExclusiveNode
	at java.base/java.util.concurrent.locks.AbstractQueuedSynchronizer.acquire(AbstractQueuedSynchronizer.java:694)
	at java.base/java.util.concurrent.locks.AbstractQueuedSynchronizer.acquire(AbstractQueuedSynchronizer.java:937)
	at java.base/java.util.concurrent.locks.ReentrantLock$Sync.lock(ReentrantLock.java:153)
	at java.base/java.util.concurrent.locks.ReentrantLock.lock(ReentrantLock.java:322)
	at java.base/java.util.concurrent.ForkJoinTask.recordExceptionalCompletion(ForkJoinTask.java:479)
	at java.base/java.util.concurrent.ForkJoinTask.setExceptionalCompletion(ForkJoinTask.java:507)
	at java.base/java.util.concurrent.ForkJoinTask.doExec(ForkJoinTask.java:298)
	at java.base/java.util.concurrent.ForkJoinPool$WorkQueue.topLevelExec(ForkJoinPool.java:1016)
	at java.base/java.util.concurrent.ForkJoinPool.scan(ForkJoinPool.java:1665)
	at java.base/java.util.concurrent.ForkJoinPool.runWorker(ForkJoinPool.java:1598)
	at java.base/java.util.concurrent.ForkJoinWorkerThread.run(ForkJoinWorkerThread.java:183)
Exception in thread "ForkJoinPool.commonPool-worker-3" java.lang.NoClassDefFoundError: Could not initialize class java.util.concurrent.locks.AbstractQueuedSynchronizer$ExclusiveNode
	at java.base/java.util.concurrent.locks.AbstractQueuedSynchronizer.acquire(AbstractQueuedSynchronizer.java:694)
	at java.base/java.util.concurrent.locks.AbstractQueuedSynchronizer.acquire(AbstractQueuedSynchronizer.java:937)
	at java.base/java.util.concurrent.locks.ReentrantLock$Sync.lock(ReentrantLock.java:153)
	at java.base/java.util.concurrent.locks.ReentrantLock.lock(ReentrantLock.java:322)
	at java.base/java.util.concurrent.ForkJoinTask.recordExceptionalCompletion(ForkJoinTask.java:479)
	at java.base/java.util.concurrent.ForkJoinTask.setExceptionalCompletion(ForkJoinTask.java:507)
	at java.base/java.util.concurrent.ForkJoinTask.doExec(ForkJoinTask.java:298)
	at java.base/java.util.concurrent.ForkJoinPool$WorkQueue.topLevelExec(ForkJoinPool.java:1016)
	at java.base/java.util.concurrent.ForkJoinPool.scan(ForkJoinPool.java:1665)
	at java.base/java.util.concurrent.ForkJoinPool.runWorker(ForkJoinPool.java:1598)
	at java.base/java.util.concurrent.ForkJoinWorkerThread.run(ForkJoinWorkerThread.java:183)
Exception in thread "ForkJoinPool.commonPool-worker-9" java.lang.NoClassDefFoundError: Could not initialize class java.util.concurrent.locks.AbstractQueuedSynchronizer$ExclusiveNode
	at java.base/java.util.concurrent.locks.AbstractQueuedSynchronizer.acquire(AbstractQueuedSynchronizer.java:694)
	at java.base/java.util.concurrent.locks.AbstractQueuedSynchronizer.acquire(AbstractQueuedSynchronizer.java:937)
	at java.base/java.util.concurrent.locks.ReentrantLock$Sync.lock(ReentrantLock.java:153)
	at java.base/java.util.concurrent.locks.ReentrantLock.lock(ReentrantLock.java:322)
	at java.base/java.util.concurrent.ForkJoinTask.recordExceptionalCompletion(ForkJoinTask.java:479)
	at java.base/java.util.concurrent.ForkJoinTask.setExceptionalCompletion(ForkJoinTask.java:507)
	at java.base/java.util.concurrent.ForkJoinTask.doExec(ForkJoinTask.java:298)
	at java.base/java.util.concurrent.ForkJoinPool$WorkQueue.topLevelExec(ForkJoinPool.java:1016)
	at java.base/java.util.concurrent.ForkJoinPool.scan(ForkJoinPool.java:1665)
	at java.base/java.util.concurrent.ForkJoinPool.runWorker(ForkJoinPool.java:1598)
	at java.base/java.util.concurrent.ForkJoinWorkerThread.run(ForkJoinWorkerThread.java:183)
Exception in thread "ForkJoinPool.commonPool-worker-5" java.lang.NoClassDefFoundError: Could not initialize class java.util.concurrent.locks.AbstractQueuedSynchronizer$ExclusiveNode
	at java.base/java.util.concurrent.locks.AbstractQueuedSynchronizer.acquire(AbstractQueuedSynchronizer.java:694)
	at java.base/java.util.concurrent.locks.AbstractQueuedSynchronizer.acquire(AbstractQueuedSynchronizer.java:937)
	at java.base/java.util.concurrent.locks.ReentrantLock$Sync.lock(ReentrantLock.java:153)
	at java.base/java.util.concurrent.locks.ReentrantLock.lock(ReentrantLock.java:322)
	at java.base/java.util.concurrent.ForkJoinTask.recordExceptionalCompletion(ForkJoinTask.java:479)
	at java.base/java.util.concurrent.ForkJoinTask.setExceptionalCompletion(ForkJoinTask.java:507)
	at java.base/java.util.concurrent.ForkJoinTask.doExec(ForkJoinTask.java:298)
	at java.base/java.util.concurrent.ForkJoinPool$WorkQueue.topLevelExec(ForkJoinPool.java:1016)
	at java.base/java.util.concurrent.ForkJoinPool.scan(ForkJoinPool.java:1665)
	at java.base/java.util.concurrent.ForkJoinPool.runWorker(ForkJoinPool.java:1598)
	at java.base/java.util.concurrent.ForkJoinWorkerThread.run(ForkJoinWorkerThread.java:183)
Exception in thread "ForkJoinPool.commonPool-worker-13" java.lang.NoClassDefFoundError: Could not initialize class java.util.concurrent.locks.AbstractQueuedSynchronizer$ExclusiveNode
	at java.base/java.util.concurrent.locks.AbstractQueuedSynchronizer.acquire(AbstractQueuedSynchronizer.java:694)
	at java.base/java.util.concurrent.locks.AbstractQueuedSynchronizer.acquire(AbstractQueuedSynchronizer.java:937)
	at java.base/java.util.concurrent.locks.ReentrantLock$Sync.lock(ReentrantLock.java:153)
	at java.base/java.util.concurrent.locks.ReentrantLock.lock(ReentrantLock.java:322)
	at java.base/java.util.concurrent.ForkJoinTask.recordExceptionalCompletion(ForkJoinTask.java:479)
	at java.base/java.util.concurrent.ForkJoinTask.setExceptionalCompletion(ForkJoinTask.java:507)
	at java.base/java.util.concurrent.ForkJoinTask.doExec(ForkJoinTask.java:298)
	at java.base/java.util.concurrent.ForkJoinPool$WorkQueue.topLevelExec(ForkJoinPool.java:1016)
	at java.base/java.util.concurrent.ForkJoinPool.scan(ForkJoinPool.java:1665)
	at java.base/java.util.concurrent.ForkJoinPool.runWorker(ForkJoinPool.java:1598)
	at java.base/java.util.concurrent.ForkJoinWorkerThread.run(ForkJoinWorkerThread.java:183)
Exception in thread "ForkJoinPool.commonPool-worker-11" java.lang.NoClassDefFoundError: Could not initialize class java.util.concurrent.locks.AbstractQueuedSynchronizer$ExclusiveNode
	at java.base/java.util.concurrent.locks.AbstractQueuedSynchronizer.acquire(AbstractQueuedSynchronizer.java:694)
	at java.base/java.util.concurrent.locks.AbstractQueuedSynchronizer.acquire(AbstractQueuedSynchronizer.java:937)
	at java.base/java.util.concurrent.locks.ReentrantLock$Sync.lock(ReentrantLock.java:153)
	at java.base/java.util.concurrent.locks.ReentrantLock.lock(ReentrantLock.java:322)
	at java.base/java.util.concurrent.ForkJoinTask.recordExceptionalCompletion(ForkJoinTask.java:479)
	at java.base/java.util.concurrent.ForkJoinTask.setExceptionalCompletion(ForkJoinTask.java:507)
	at java.base/java.util.concurrent.ForkJoinTask.doExec(ForkJoinTask.java:298)
	at java.base/java.util.concurrent.ForkJoinPool$WorkQueue.topLevelExec(ForkJoinPool.java:1016)
	at java.base/java.util.concurrent.ForkJoinPool.scan(ForkJoinPool.java:1665)
	at java.base/java.util.concurrent.ForkJoinPool.runWorker(ForkJoinPool.java:1598)
	at java.base/java.util.concurrent.ForkJoinWorkerThread.run(ForkJoinWorkerThread.java:183)
Exception in thread "ForkJoinPool.commonPool-worker-15" java.lang.NoClassDefFoundError: Could not initialize class java.util.concurrent.locks.AbstractQueuedSynchronizer$ExclusiveNode
	at java.base/java.util.concurrent.locks.AbstractQueuedSynchronizer.acquire(AbstractQueuedSynchronizer.java:694)
	at java.base/java.util.concurrent.locks.AbstractQueuedSynchronizer.acquire(AbstractQueuedSynchronizer.java:937)
	at java.base/java.util.concurrent.locks.ReentrantLock$Sync.lock(ReentrantLock.java:153)
	at java.base/java.util.concurrent.locks.ReentrantLock.lock(ReentrantLock.java:322)
	at java.base/java.util.concurrent.ForkJoinTask.recordExceptionalCompletion(ForkJoinTask.java:479)
	at java.base/java.util.concurrent.ForkJoinTask.setExceptionalCompletion(ForkJoinTask.java:507)
	at java.base/java.util.concurrent.ForkJoinTask.doExec(ForkJoinTask.java:298)
	at java.base/java.util.concurrent.ForkJoinPool$WorkQueue.topLevelExec(ForkJoinPool.java:1016)
	at java.base/java.util.concurrent.ForkJoinPool.scan(ForkJoinPool.java:1665)
	at java.base/java.util.concurrent.ForkJoinPool.runWorker(ForkJoinPool.java:1598)
	at java.base/java.util.concurrent.ForkJoinWorkerThread.run(ForkJoinWorkerThread.java:183)
Exception in thread "ForkJoinPool.commonPool-worker-1" java.lang.NoClassDefFoundError: Could not initialize class java.util.concurrent.locks.AbstractQueuedSynchronizer$ExclusiveNode
	at java.base/java.util.concurrent.locks.AbstractQueuedSynchronizer.acquire(AbstractQueuedSynchronizer.java:694)
	at java.base/java.util.concurrent.locks.AbstractQueuedSynchronizer.acquire(AbstractQueuedSynchronizer.java:937)
	at java.base/java.util.concurrent.locks.ReentrantLock$Sync.lock(ReentrantLock.java:153)
	at java.base/java.util.concurrent.locks.ReentrantLock.lock(ReentrantLock.java:322)
	at java.base/java.util.concurrent.ForkJoinTask.recordExceptionalCompletion(ForkJoinTask.java:479)
	at java.base/java.util.concurrent.ForkJoinTask.setExceptionalCompletion(ForkJoinTask.java:507)
	at java.base/java.util.concurrent.ForkJoinTask.doExec(ForkJoinTask.java:298)
	at java.base/java.util.concurrent.ForkJoinPool$WorkQueue.topLevelExec(ForkJoinPool.java:1016)
	at java.base/java.util.concurrent.ForkJoinPool.scan(ForkJoinPool.java:1665)
	at java.base/java.util.concurrent.ForkJoinPool.runWorker(ForkJoinPool.java:1598)
	at java.base/java.util.concurrent.ForkJoinWorkerThread.run(ForkJoinWorkerThread.java:183)
Exception in thread "ForkJoinPool.commonPool-worker-9" java.lang.NoClassDefFoundError: Could not initialize class java.util.concurrent.locks.AbstractQueuedSynchronizer$ExclusiveNode
	at java.base/java.util.concurrent.locks.AbstractQueuedSynchronizer.acquire(AbstractQueuedSynchronizer.java:694)
	at java.base/java.util.concurrent.locks.AbstractQueuedSynchronizer.acquire(AbstractQueuedSynchronizer.java:937)
	at java.base/java.util.concurrent.locks.ReentrantLock$Sync.lock(ReentrantLock.java:153)
	at java.base/java.util.concurrent.locks.ReentrantLock.lock(ReentrantLock.java:322)
	at java.base/java.util.concurrent.ForkJoinTask.recordExceptionalCompletion(ForkJoinTask.java:479)
	at java.base/java.util.concurrent.ForkJoinTask.setExceptionalCompletion(ForkJoinTask.java:507)
	at java.base/java.util.concurrent.ForkJoinTask.doExec(ForkJoinTask.java:298)
	at java.base/java.util.concurrent.ForkJoinPool$WorkQueue.topLevelExec(ForkJoinPool.java:1016)
	at java.base/java.util.concurrent.ForkJoinPool.scan(ForkJoinPool.java:1665)
	at java.base/java.util.concurrent.ForkJoinPool.runWorker(ForkJoinPool.java:1598)
	at java.base/java.util.concurrent.ForkJoinWorkerThread.run(ForkJoinWorkerThread.java:183)
Exception in thread "ForkJoinPool.commonPool-worker-3" java.lang.NoClassDefFoundError: Could not initialize class java.util.concurrent.locks.AbstractQueuedSynchronizer$ExclusiveNode
	at java.base/java.util.concurrent.locks.AbstractQueuedSynchronizer.acquire(AbstractQueuedSynchronizer.java:694)
	at java.base/java.util.concurrent.locks.AbstractQueuedSynchronizer.acquire(AbstractQueuedSynchronizer.java:937)
	at java.base/java.util.concurrent.locks.ReentrantLock$Sync.lock(ReentrantLock.java:153)
	at java.base/java.util.concurrent.locks.ReentrantLock.lock(ReentrantLock.java:322)
	at java.base/java.util.concurrent.ForkJoinTask.recordExceptionalCompletion(ForkJoinTask.java:479)
	at java.base/java.util.concurrent.ForkJoinTask.setExceptionalCompletion(ForkJoinTask.java:507)
	at java.base/java.util.concurrent.ForkJoinTask.doExec(ForkJoinTask.java:298)
	at java.base/java.util.concurrent.ForkJoinPool$WorkQueue.topLevelExec(ForkJoinPool.java:1016)
	at java.base/java.util.concurrent.ForkJoinPool.scan(ForkJoinPool.java:1665)
	at java.base/java.util.concurrent.ForkJoinPool.runWorker(ForkJoinPool.java:1598)
	at java.base/java.util.concurrent.ForkJoinWorkerThread.run(ForkJoinWorkerThread.java:183)
Exception in thread "ForkJoinPool.commonPool-worker-5" java.lang.NoClassDefFoundError: Could not initialize class java.util.concurrent.locks.AbstractQueuedSynchronizer$ExclusiveNode
	at java.base/java.util.concurrent.locks.AbstractQueuedSynchronizer.acquire(AbstractQueuedSynchronizer.java:694)
	at java.base/java.util.concurrent.locks.AbstractQueuedSynchronizer.acquire(AbstractQueuedSynchronizer.java:937)
	at java.base/java.util.concurrent.locks.ReentrantLock$Sync.lock(ReentrantLock.java:153)
	at java.base/java.util.concurrent.locks.ReentrantLock.lock(ReentrantLock.java:322)
	at java.base/java.util.concurrent.ForkJoinTask.recordExceptionalCompletion(ForkJoinTask.java:479)
	at java.base/java.util.concurrent.ForkJoinTask.setExceptionalCompletion(ForkJoinTask.java:507)
	at java.base/java.util.concurrent.ForkJoinTask.doExec(ForkJoinTask.java:298)
	at java.base/java.util.concurrent.ForkJoinPool$WorkQueue.topLevelExec(ForkJoinPool.java:1016)
	at java.base/java.util.concurrent.ForkJoinPool.scan(ForkJoinPool.java:1665)
	at java.base/java.util.concurrent.ForkJoinPool.runWorker(ForkJoinPool.java:1598)
	at java.base/java.util.concurrent.ForkJoinWorkerThread.run(ForkJoinWorkerThread.java:183)
Exception in thread "ForkJoinPool.commonPool-worker-11" java.lang.NoClassDefFoundError: Could not initialize class java.util.concurrent.locks.AbstractQueuedSynchronizer$ExclusiveNode
	at java.base/java.util.concurrent.locks.AbstractQueuedSynchronizer.acquire(AbstractQueuedSynchronizer.java:694)
	at java.base/java.util.concurrent.locks.AbstractQueuedSynchronizer.acquire(AbstractQueuedSynchronizer.java:937)
	at java.base/java.util.concurrent.locks.ReentrantLock$Sync.lock(ReentrantLock.java:153)
	at java.base/java.util.concurrent.locks.ReentrantLock.lock(ReentrantLock.java:322)
	at java.base/java.util.concurrent.ForkJoinTask.recordExceptionalCompletion(ForkJoinTask.java:479)
	at java.base/java.util.concurrent.ForkJoinTask.setExceptionalCompletion(ForkJoinTask.java:507)
	at java.base/java.util.concurrent.ForkJoinTask.doExec(ForkJoinTask.java:298)
	at java.base/java.util.concurrent.ForkJoinPool$WorkQueue.topLevelExec(ForkJoinPool.java:1016)
	at java.base/java.util.concurrent.ForkJoinPool.scan(ForkJoinPool.java:1665)
	at java.base/java.util.concurrent.ForkJoinPool.runWorker(ForkJoinPool.java:1598)
	at java.base/java.util.concurrent.ForkJoinWorkerThread.run(ForkJoinWorkerThread.java:183)
Exception in thread "ForkJoinPool.commonPool-worker-13" java.lang.NoClassDefFoundError: Could not initialize class java.util.concurrent.locks.AbstractQueuedSynchronizer$ExclusiveNode
	at java.base/java.util.concurrent.locks.AbstractQueuedSynchronizer.acquire(AbstractQueuedSynchronizer.java:694)
	at java.base/java.util.concurrent.locks.AbstractQueuedSynchronizer.acquire(AbstractQueuedSynchronizer.java:937)
	at java.base/java.util.concurrent.locks.ReentrantLock$Sync.lock(ReentrantLock.java:153)
	at java.base/java.util.concurrent.locks.ReentrantLock.lock(ReentrantLock.java:322)
	at java.base/java.util.concurrent.ForkJoinTask.recordExceptionalCompletion(ForkJoinTask.java:479)
	at java.base/java.util.concurrent.ForkJoinTask.setExceptionalCompletion(ForkJoinTask.java:507)
	at java.base/java.util.concurrent.ForkJoinTask.doExec(ForkJoinTask.java:298)
	at java.base/java.util.concurrent.ForkJoinPool$WorkQueue.topLevelExec(ForkJoinPool.java:1016)
	at java.base/java.util.concurrent.ForkJoinPool.scan(ForkJoinPool.java:1665)
	at java.base/java.util.concurrent.ForkJoinPool.runWorker(ForkJoinPool.java:1598)
	at java.base/java.util.concurrent.ForkJoinWorkerThread.run(ForkJoinWorkerThread.java:183)
Exception in thread "ForkJoinPool.commonPool-worker-15" java.lang.NoClassDefFoundError: Could not initialize class java.util.concurrent.locks.AbstractQueuedSynchronizer$ExclusiveNode
	at java.base/java.util.concurrent.locks.AbstractQueuedSynchronizer.acquire(AbstractQueuedSynchronizer.java:694)
	at java.base/java.util.concurrent.locks.AbstractQueuedSynchronizer.acquire(AbstractQueuedSynchronizer.java:937)
	at java.base/java.util.concurrent.locks.ReentrantLock$Sync.lock(ReentrantLock.java:153)
	at java.base/java.util.concurrent.locks.ReentrantLock.lock(ReentrantLock.java:322)
	at java.base/java.util.concurrent.ForkJoinTask.recordExceptionalCompletion(ForkJoinTask.java:479)
	at java.base/java.util.concurrent.ForkJoinTask.setExceptionalCompletion(ForkJoinTask.java:507)
	at java.base/java.util.concurrent.ForkJoinTask.doExec(ForkJoinTask.java:298)
	at java.base/java.util.concurrent.ForkJoinPool$WorkQueue.topLevelExec(ForkJoinPool.java:1016)
	at java.base/java.util.concurrent.ForkJoinPool.scan(ForkJoinPool.java:1665)
	at java.base/java.util.concurrent.ForkJoinPool.runWorker(ForkJoinPool.java:1598)
	at java.base/java.util.concurrent.ForkJoinWorkerThread.run(ForkJoinWorkerThread.java:183)
Exception in thread "ForkJoinPool.commonPool-worker-9" java.lang.NoClassDefFoundError: Could not initialize class java.util.concurrent.locks.AbstractQueuedSynchronizer$ExclusiveNode
	at java.base/java.util.concurrent.locks.AbstractQueuedSynchronizer.acquire(AbstractQueuedSynchronizer.java:694)
	at java.base/java.util.concurrent.locks.AbstractQueuedSynchronizer.acquire(AbstractQueuedSynchronizer.java:937)
	at java.base/java.util.concurrent.locks.ReentrantLock$Sync.lock(ReentrantLock.java:153)
	at java.base/java.util.concurrent.locks.ReentrantLock.lock(ReentrantLock.java:322)
	at java.base/java.util.concurrent.ForkJoinTask.recordExceptionalCompletion(ForkJoinTask.java:479)
	at java.base/java.util.concurrent.ForkJoinTask.setExceptionalCompletion(ForkJoinTask.java:507)
	at java.base/java.util.concurrent.ForkJoinTask.doExec(ForkJoinTask.java:298)
	at java.base/java.util.concurrent.ForkJoinPool$WorkQueue.topLevelExec(ForkJoinPool.java:1016)
	at java.base/java.util.concurrent.ForkJoinPool.scan(ForkJoinPool.java:1665)
	at java.base/java.util.concurrent.ForkJoinPool.runWorker(ForkJoinPool.java:1598)
	at java.base/java.util.concurrent.ForkJoinWorkerThread.run(ForkJoinWorkerThread.java:183)
Exception in thread "ForkJoinPool.commonPool-worker-3" java.lang.NoClassDefFoundError: Could not initialize class java.util.concurrent.locks.AbstractQueuedSynchronizer$ExclusiveNode
	at java.base/java.util.concurrent.locks.AbstractQueuedSynchronizer.acquire(AbstractQueuedSynchronizer.java:694)
	at java.base/java.util.concurrent.locks.AbstractQueuedSynchronizer.acquire(AbstractQueuedSynchronizer.java:937)
	at java.base/java.util.concurrent.locks.ReentrantLock$Sync.lock(ReentrantLock.java:153)
	at java.base/java.util.concurrent.locks.ReentrantLock.lock(ReentrantLock.java:322)
	at java.base/java.util.concurrent.ForkJoinTask.recordExceptionalCompletion(ForkJoinTask.java:479)
	at java.base/java.util.concurrent.ForkJoinTask.setExceptionalCompletion(ForkJoinTask.java:507)
	at java.base/java.util.concurrent.ForkJoinTask.doExec(ForkJoinTask.java:298)
	at java.base/java.util.concurrent.ForkJoinPool$WorkQueue.topLevelExec(ForkJoinPool.java:1016)
	at java.base/java.util.concurrent.ForkJoinPool.scan(ForkJoinPool.java:1665)
	at java.base/java.util.concurrent.ForkJoinPool.runWorker(ForkJoinPool.java:1598)
	at java.base/java.util.concurrent.ForkJoinWorkerThread.run(ForkJoinWorkerThread.java:183)
Exception in thread "ForkJoinPool.commonPool-worker-1" java.lang.NoClassDefFoundError: Could not initialize class java.util.concurrent.locks.AbstractQueuedSynchronizer$ExclusiveNode
	at java.base/java.util.concurrent.locks.AbstractQueuedSynchronizer.acquire(AbstractQueuedSynchronizer.java:694)
	at java.base/java.util.concurrent.locks.AbstractQueuedSynchronizer.acquire(AbstractQueuedSynchronizer.java:937)
	at java.base/java.util.concurrent.locks.ReentrantLock$Sync.lock(ReentrantLock.java:153)
	at java.base/java.util.concurrent.locks.ReentrantLock.lock(ReentrantLock.java:322)
	at java.base/java.util.concurrent.ForkJoinTask.recordExceptionalCompletion(ForkJoinTask.java:479)
	at java.base/java.util.concurrent.ForkJoinTask.setExceptionalCompletion(ForkJoinTask.java:507)
	at java.base/java.util.concurrent.ForkJoinTask.doExec(ForkJoinTask.java:298)
	at java.base/java.util.concurrent.ForkJoinPool$WorkQueue.topLevelExec(ForkJoinPool.java:1016)
	at java.base/java.util.concurrent.ForkJoinPool.scan(ForkJoinPool.java:1665)
	at java.base/java.util.concurrent.ForkJoinPool.runWorker(ForkJoinPool.java:1598)
	at java.base/java.util.concurrent.ForkJoinWorkerThread.run(ForkJoinWorkerThread.java:183)
Exception in thread "ForkJoinPool.commonPool-worker-5" java.lang.NoClassDefFoundError: Could not initialize class java.util.concurrent.locks.AbstractQueuedSynchronizer$ExclusiveNode
	at java.base/java.util.concurrent.locks.AbstractQueuedSynchronizer.acquire(AbstractQueuedSynchronizer.java:694)
	at java.base/java.util.concurrent.locks.AbstractQueuedSynchronizer.acquire(AbstractQueuedSynchronizer.java:937)
	at java.base/java.util.concurrent.locks.ReentrantLock$Sync.lock(ReentrantLock.java:153)
	at java.base/java.util.concurrent.locks.ReentrantLock.lock(ReentrantLock.java:322)
	at java.base/java.util.concurrent.ForkJoinTask.recordExceptionalCompletion(ForkJoinTask.java:479)
	at java.base/java.util.concurrent.ForkJoinTask.setExceptionalCompletion(ForkJoinTask.java:507)
	at java.base/java.util.concurrent.ForkJoinTask.doExec(ForkJoinTask.java:298)
	at java.base/java.util.concurrent.ForkJoinPool$WorkQueue.topLevelExec(ForkJoinPool.java:1016)
	at java.base/java.util.concurrent.ForkJoinPool.scan(ForkJoinPool.java:1665)
	at java.base/java.util.concurrent.ForkJoinPool.runWorker(ForkJoinPool.java:1598)
	at java.base/java.util.concurrent.ForkJoinWorkerThread.run(ForkJoinWorkerThread.java:183)
]]></system-err>
  </testcase>
  <testcase name="testParManyTaskTwoMillion" classname="edu.coursera.parallel.ReciprocalArraySumTest" time="1.895">
    <error message="Could not initialize class java.util.concurrent.locks.AbstractQueuedSynchronizer$ExclusiveNode" type="java.lang.NoClassDefFoundError">java.lang.NoClassDefFoundError: Could not initialize class java.util.concurrent.locks.AbstractQueuedSynchronizer$ExclusiveNode
	at java.base/java.util.concurrent.locks.AbstractQueuedSynchronizer.acquire(AbstractQueuedSynchronizer.java:694)
	at java.base/java.util.concurrent.locks.AbstractQueuedSynchronizer.acquire(AbstractQueuedSynchronizer.java:937)
	at java.base/java.util.concurrent.locks.ReentrantLock$Sync.lock(ReentrantLock.java:153)
	at java.base/java.util.concurrent.locks.ReentrantLock.lock(ReentrantLock.java:322)
	at java.base/java.util.concurrent.ForkJoinTask.recordExceptionalCompletion(ForkJoinTask.java:479)
	at java.base/java.util.concurrent.ForkJoinTask.setExceptionalCompletion(ForkJoinTask.java:507)
	at java.base/java.util.concurrent.ForkJoinTask.doExec(ForkJoinTask.java:298)
	at java.base/java.util.concurrent.ForkJoinTask.doInvoke(ForkJoinTask.java:413)
	at java.base/java.util.concurrent.ForkJoinTask.invokeAll(ForkJoinTask.java:850)
	at edu.coursera.parallel.ReciprocalArraySum.parManyTaskArraySum(ReciprocalArraySum.java:187)
	at edu.coursera.parallel.ReciprocalArraySumTest.parTestHelper(ReciprocalArraySumTest.java:74)
	at edu.coursera.parallel.ReciprocalArraySumTest.testParManyTaskTwoMillion(ReciprocalArraySumTest.java:140)
</error>
    <system-err><![CDATA[Exception in thread "ForkJoinPool.commonPool-worker-11" java.lang.NoClassDefFoundError: Could not initialize class java.util.concurrent.locks.AbstractQueuedSynchronizer$ExclusiveNode
	at java.base/java.util.concurrent.locks.AbstractQueuedSynchronizer.acquire(AbstractQueuedSynchronizer.java:694)
	at java.base/java.util.concurrent.locks.AbstractQueuedSynchronizer.acquire(AbstractQueuedSynchronizer.java:937)
	at java.base/java.util.concurrent.locks.ReentrantLock$Sync.lock(ReentrantLock.java:153)
	at java.base/java.util.concurrent.locks.ReentrantLock.lock(ReentrantLock.java:322)
	at java.base/java.util.concurrent.ForkJoinTask.recordExceptionalCompletion(ForkJoinTask.java:479)
	at java.base/java.util.concurrent.ForkJoinTask.setExceptionalCompletion(ForkJoinTask.java:507)
	at java.base/java.util.concurrent.ForkJoinTask.doExec(ForkJoinTask.java:298)
	at java.base/java.util.concurrent.ForkJoinPool$WorkQueue.topLevelExec(ForkJoinPool.java:1016)
	at java.base/java.util.concurrent.ForkJoinPool.scan(ForkJoinPool.java:1665)
	at java.base/java.util.concurrent.ForkJoinPool.runWorker(ForkJoinPool.java:1598)
	at java.base/java.util.concurrent.ForkJoinWorkerThread.run(ForkJoinWorkerThread.java:183)
Exception in thread "ForkJoinPool.commonPool-worker-11" java.lang.NoClassDefFoundError: Could not initialize class java.util.concurrent.locks.AbstractQueuedSynchronizer$ExclusiveNode
	at java.base/java.util.concurrent.locks.AbstractQueuedSynchronizer.acquire(AbstractQueuedSynchronizer.java:694)
	at java.base/java.util.concurrent.locks.AbstractQueuedSynchronizer.acquire(AbstractQueuedSynchronizer.java:937)
	at java.base/java.util.concurrent.locks.ReentrantLock$Sync.lock(ReentrantLock.java:153)
	at java.base/java.util.concurrent.locks.ReentrantLock.lock(ReentrantLock.java:322)
	at java.base/java.util.concurrent.ForkJoinTask.recordExceptionalCompletion(ForkJoinTask.java:479)
	at java.base/java.util.concurrent.ForkJoinTask.setExceptionalCompletion(ForkJoinTask.java:507)
	at java.base/java.util.concurrent.ForkJoinTask.doExec(ForkJoinTask.java:298)
	at java.base/java.util.concurrent.ForkJoinPool$WorkQueue.topLevelExec(ForkJoinPool.java:1016)
	at java.base/java.util.concurrent.ForkJoinPool.scan(ForkJoinPool.java:1665)
	at java.base/java.util.concurrent.ForkJoinPool.runWorker(ForkJoinPool.java:1598)
	at java.base/java.util.concurrent.ForkJoinWorkerThread.run(ForkJoinWorkerThread.java:183)
Exception in thread "ForkJoinPool.commonPool-worker-13" java.lang.NoClassDefFoundError: Could not initialize class java.util.concurrent.locks.AbstractQueuedSynchronizer$ExclusiveNode
	at java.base/java.util.concurrent.locks.AbstractQueuedSynchronizer.acquire(AbstractQueuedSynchronizer.java:694)
	at java.base/java.util.concurrent.locks.AbstractQueuedSynchronizer.acquire(AbstractQueuedSynchronizer.java:937)
	at java.base/java.util.concurrent.locks.ReentrantLock$Sync.lock(ReentrantLock.java:153)
	at java.base/java.util.concurrent.locks.ReentrantLock.lock(ReentrantLock.java:322)
	at java.base/java.util.concurrent.ForkJoinTask.recordExceptionalCompletion(ForkJoinTask.java:479)
	at java.base/java.util.concurrent.ForkJoinTask.setExceptionalCompletion(ForkJoinTask.java:507)
	at java.base/java.util.concurrent.ForkJoinTask.doExec(ForkJoinTask.java:298)
	at java.base/java.util.concurrent.ForkJoinPool$WorkQueue.topLevelExec(ForkJoinPool.java:1016)
	at java.base/java.util.concurrent.ForkJoinPool.scan(ForkJoinPool.java:1665)
	at java.base/java.util.concurrent.ForkJoinPool.runWorker(ForkJoinPool.java:1598)
	at java.base/java.util.concurrent.ForkJoinWorkerThread.run(ForkJoinWorkerThread.java:183)
Exception in thread "ForkJoinPool.commonPool-worker-9" java.lang.NoClassDefFoundError: Could not initialize class java.util.concurrent.locks.AbstractQueuedSynchronizer$ExclusiveNode
	at java.base/java.util.concurrent.locks.AbstractQueuedSynchronizer.acquire(AbstractQueuedSynchronizer.java:694)
	at java.base/java.util.concurrent.locks.AbstractQueuedSynchronizer.acquire(AbstractQueuedSynchronizer.java:937)
	at java.base/java.util.concurrent.locks.ReentrantLock$Sync.lock(ReentrantLock.java:153)
	at java.base/java.util.concurrent.locks.ReentrantLock.lock(ReentrantLock.java:322)
	at java.base/java.util.concurrent.ForkJoinTask.recordExceptionalCompletion(ForkJoinTask.java:479)
	at java.base/java.util.concurrent.ForkJoinTask.setExceptionalCompletion(ForkJoinTask.java:507)
	at java.base/java.util.concurrent.ForkJoinTask.doExec(ForkJoinTask.java:298)
	at java.base/java.util.concurrent.ForkJoinPool$WorkQueue.topLevelExec(ForkJoinPool.java:1016)
	at java.base/java.util.concurrent.ForkJoinPool.scan(ForkJoinPool.java:1665)
	at java.base/java.util.concurrent.ForkJoinPool.runWorker(ForkJoinPool.java:1598)
	at java.base/java.util.concurrent.ForkJoinWorkerThread.run(ForkJoinWorkerThread.java:183)
Exception in thread "ForkJoinPool.commonPool-worker-15" java.lang.NoClassDefFoundError: Could not initialize class java.util.concurrent.locks.AbstractQueuedSynchronizer$ExclusiveNode
	at java.base/java.util.concurrent.locks.AbstractQueuedSynchronizer.acquire(AbstractQueuedSynchronizer.java:694)
	at java.base/java.util.concurrent.locks.AbstractQueuedSynchronizer.acquire(AbstractQueuedSynchronizer.java:937)
	at java.base/java.util.concurrent.locks.ReentrantLock$Sync.lock(ReentrantLock.java:153)
	at java.base/java.util.concurrent.locks.ReentrantLock.lock(ReentrantLock.java:322)
	at java.base/java.util.concurrent.ForkJoinTask.recordExceptionalCompletion(ForkJoinTask.java:479)
	at java.base/java.util.concurrent.ForkJoinTask.setExceptionalCompletion(ForkJoinTask.java:507)
	at java.base/java.util.concurrent.ForkJoinTask.doExec(ForkJoinTask.java:298)
	at java.base/java.util.concurrent.ForkJoinPool$WorkQueue.topLevelExec(ForkJoinPool.java:1016)
	at java.base/java.util.concurrent.ForkJoinPool.scan(ForkJoinPool.java:1665)
	at java.base/java.util.concurrent.ForkJoinPool.runWorker(ForkJoinPool.java:1598)
	at java.base/java.util.concurrent.ForkJoinWorkerThread.run(ForkJoinWorkerThread.java:183)
Exception in thread "ForkJoinPool.commonPool-worker-1" java.lang.NoClassDefFoundError: Could not initialize class java.util.concurrent.locks.AbstractQueuedSynchronizer$ExclusiveNode
	at java.base/java.util.concurrent.locks.AbstractQueuedSynchronizer.acquire(AbstractQueuedSynchronizer.java:694)
	at java.base/java.util.concurrent.locks.AbstractQueuedSynchronizer.acquire(AbstractQueuedSynchronizer.java:937)
	at java.base/java.util.concurrent.locks.ReentrantLock$Sync.lock(ReentrantLock.java:153)
	at java.base/java.util.concurrent.locks.ReentrantLock.lock(ReentrantLock.java:322)
	at java.base/java.util.concurrent.ForkJoinTask.recordExceptionalCompletion(ForkJoinTask.java:479)
	at java.base/java.util.concurrent.ForkJoinTask.setExceptionalCompletion(ForkJoinTask.java:507)
	at java.base/java.util.concurrent.ForkJoinTask.doExec(ForkJoinTask.java:298)
	at java.base/java.util.concurrent.ForkJoinPool$WorkQueue.topLevelExec(ForkJoinPool.java:1016)
	at java.base/java.util.concurrent.ForkJoinPool.scan(ForkJoinPool.java:1665)
	at java.base/java.util.concurrent.ForkJoinPool.runWorker(ForkJoinPool.java:1598)
	at java.base/java.util.concurrent.ForkJoinWorkerThread.run(ForkJoinWorkerThread.java:183)
]]></system-err>
  </testcase>
  <testcase name="testParManyTaskTwoHundredMillion" classname="edu.coursera.parallel.ReciprocalArraySumTest" time="7.318">
    <error message="Could not initialize class java.util.concurrent.locks.AbstractQueuedSynchronizer$ExclusiveNode" type="java.lang.NoClassDefFoundError">java.lang.NoClassDefFoundError: Could not initialize class java.util.concurrent.locks.AbstractQueuedSynchronizer$ExclusiveNode
	at java.base/java.util.concurrent.locks.AbstractQueuedSynchronizer.acquire(AbstractQueuedSynchronizer.java:694)
	at java.base/java.util.concurrent.locks.AbstractQueuedSynchronizer.acquire(AbstractQueuedSynchronizer.java:937)
	at java.base/java.util.concurrent.locks.ReentrantLock$Sync.lock(ReentrantLock.java:153)
	at java.base/java.util.concurrent.locks.ReentrantLock.lock(ReentrantLock.java:322)
	at java.base/java.util.concurrent.ForkJoinTask.recordExceptionalCompletion(ForkJoinTask.java:479)
	at java.base/java.util.concurrent.ForkJoinTask.setExceptionalCompletion(ForkJoinTask.java:507)
	at java.base/java.util.concurrent.ForkJoinTask.doExec(ForkJoinTask.java:298)
	at java.base/java.util.concurrent.ForkJoinTask.doInvoke(ForkJoinTask.java:413)
	at java.base/java.util.concurrent.ForkJoinTask.invokeAll(ForkJoinTask.java:850)
	at edu.coursera.parallel.ReciprocalArraySum.parManyTaskArraySum(ReciprocalArraySum.java:187)
	at edu.coursera.parallel.ReciprocalArraySumTest.parTestHelper(ReciprocalArraySumTest.java:74)
	at edu.coursera.parallel.ReciprocalArraySumTest.testParManyTaskTwoHundredMillion(ReciprocalArraySumTest.java:151)
</error>
    <system-err><![CDATA[Exception in thread "ForkJoinPool.commonPool-worker-3" java.lang.NoClassDefFoundError: Could not initialize class java.util.concurrent.locks.AbstractQueuedSynchronizer$ExclusiveNode
	at java.base/java.util.concurrent.locks.AbstractQueuedSynchronizer.acquire(AbstractQueuedSynchronizer.java:694)
	at java.base/java.util.concurrent.locks.AbstractQueuedSynchronizer.acquire(AbstractQueuedSynchronizer.java:937)
	at java.base/java.util.concurrent.locks.ReentrantLock$Sync.lock(ReentrantLock.java:153)
	at java.base/java.util.concurrent.locks.ReentrantLock.lock(ReentrantLock.java:322)
	at java.base/java.util.concurrent.ForkJoinTask.recordExceptionalCompletion(ForkJoinTask.java:479)
	at java.base/java.util.concurrent.ForkJoinTask.setExceptionalCompletion(ForkJoinTask.java:507)
	at java.base/java.util.concurrent.ForkJoinTask.doExec(ForkJoinTask.java:298)
	at java.base/java.util.concurrent.ForkJoinPool$WorkQueue.topLevelExec(ForkJoinPool.java:1016)
	at java.base/java.util.concurrent.ForkJoinPool.scan(ForkJoinPool.java:1665)
	at java.base/java.util.concurrent.ForkJoinPool.runWorker(ForkJoinPool.java:1598)
	at java.base/java.util.concurrent.ForkJoinWorkerThread.run(ForkJoinWorkerThread.java:183)
Exception in thread "ForkJoinPool.commonPool-worker-9" java.lang.NoClassDefFoundError: Could not initialize class java.util.concurrent.locks.AbstractQueuedSynchronizer$ExclusiveNode
	at java.base/java.util.concurrent.locks.AbstractQueuedSynchronizer.acquire(AbstractQueuedSynchronizer.java:694)
	at java.base/java.util.concurrent.locks.AbstractQueuedSynchronizer.acquire(AbstractQueuedSynchronizer.java:937)
	at java.base/java.util.concurrent.locks.ReentrantLock$Sync.lock(ReentrantLock.java:153)
	at java.base/java.util.concurrent.locks.ReentrantLock.lock(ReentrantLock.java:322)
	at java.base/java.util.concurrent.ForkJoinTask.recordExceptionalCompletion(ForkJoinTask.java:479)
	at java.base/java.util.concurrent.ForkJoinTask.setExceptionalCompletion(ForkJoinTask.java:507)
	at java.base/java.util.concurrent.ForkJoinTask.doExec(ForkJoinTask.java:298)
	at java.base/java.util.concurrent.ForkJoinPool$WorkQueue.topLevelExec(ForkJoinPool.java:1016)
	at java.base/java.util.concurrent.ForkJoinPool.scan(ForkJoinPool.java:1665)
	at java.base/java.util.concurrent.ForkJoinPool.runWorker(ForkJoinPool.java:1598)
	at java.base/java.util.concurrent.ForkJoinWorkerThread.run(ForkJoinWorkerThread.java:183)
Exception in thread "ForkJoinPool.commonPool-worker-5" java.lang.NoClassDefFoundError: Could not initialize class java.util.concurrent.locks.AbstractQueuedSynchronizer$ExclusiveNode
	at java.base/java.util.concurrent.locks.AbstractQueuedSynchronizer.acquire(AbstractQueuedSynchronizer.java:694)
	at java.base/java.util.concurrent.locks.AbstractQueuedSynchronizer.acquire(AbstractQueuedSynchronizer.java:937)
	at java.base/java.util.concurrent.locks.ReentrantLock$Sync.lock(ReentrantLock.java:153)
	at java.base/java.util.concurrent.locks.ReentrantLock.lock(ReentrantLock.java:322)
	at java.base/java.util.concurrent.ForkJoinTask.recordExceptionalCompletion(ForkJoinTask.java:479)
	at java.base/java.util.concurrent.ForkJoinTask.setExceptionalCompletion(ForkJoinTask.java:507)
	at java.base/java.util.concurrent.ForkJoinTask.doExec(ForkJoinTask.java:298)
	at java.base/java.util.concurrent.ForkJoinPool$WorkQueue.topLevelExec(ForkJoinPool.java:1016)
	at java.base/java.util.concurrent.ForkJoinPool.scan(ForkJoinPool.java:1665)
	at java.base/java.util.concurrent.ForkJoinPool.runWorker(ForkJoinPool.java:1598)
	at java.base/java.util.concurrent.ForkJoinWorkerThread.run(ForkJoinWorkerThread.java:183)
Exception in thread "ForkJoinPool.commonPool-worker-11" java.lang.NoClassDefFoundError: Could not initialize class java.util.concurrent.locks.AbstractQueuedSynchronizer$ExclusiveNode
	at java.base/java.util.concurrent.locks.AbstractQueuedSynchronizer.acquire(AbstractQueuedSynchronizer.java:694)
	at java.base/java.util.concurrent.locks.AbstractQueuedSynchronizer.acquire(AbstractQueuedSynchronizer.java:937)
	at java.base/java.util.concurrent.locks.ReentrantLock$Sync.lock(ReentrantLock.java:153)
	at java.base/java.util.concurrent.locks.ReentrantLock.lock(ReentrantLock.java:322)
	at java.base/java.util.concurrent.ForkJoinTask.recordExceptionalCompletion(ForkJoinTask.java:479)
	at java.base/java.util.concurrent.ForkJoinTask.setExceptionalCompletion(ForkJoinTask.java:507)
	at java.base/java.util.concurrent.ForkJoinTask.doExec(ForkJoinTask.java:298)
	at java.base/java.util.concurrent.ForkJoinPool$WorkQueue.topLevelExec(ForkJoinPool.java:1016)
	at java.base/java.util.concurrent.ForkJoinPool.scan(ForkJoinPool.java:1665)
	at java.base/java.util.concurrent.ForkJoinPool.runWorker(ForkJoinPool.java:1598)
	at java.base/java.util.concurrent.ForkJoinWorkerThread.run(ForkJoinWorkerThread.java:183)
Exception in thread "ForkJoinPool.commonPool-worker-15" java.lang.NoClassDefFoundError: Could not initialize class java.util.concurrent.locks.AbstractQueuedSynchronizer$ExclusiveNode
	at java.base/java.util.concurrent.locks.AbstractQueuedSynchronizer.acquire(AbstractQueuedSynchronizer.java:694)
	at java.base/java.util.concurrent.locks.AbstractQueuedSynchronizer.acquire(AbstractQueuedSynchronizer.java:937)
	at java.base/java.util.concurrent.locks.ReentrantLock$Sync.lock(ReentrantLock.java:153)
	at java.base/java.util.concurrent.locks.ReentrantLock.lock(ReentrantLock.java:322)
	at java.base/java.util.concurrent.ForkJoinTask.recordExceptionalCompletion(ForkJoinTask.java:479)
	at java.base/java.util.concurrent.ForkJoinTask.setExceptionalCompletion(ForkJoinTask.java:507)
	at java.base/java.util.concurrent.ForkJoinTask.doExec(ForkJoinTask.java:298)
	at java.base/java.util.concurrent.ForkJoinPool$WorkQueue.topLevelExec(ForkJoinPool.java:1016)
	at java.base/java.util.concurrent.ForkJoinPool.scan(ForkJoinPool.java:1665)
	at java.base/java.util.concurrent.ForkJoinPool.runWorker(ForkJoinPool.java:1598)
	at java.base/java.util.concurrent.ForkJoinWorkerThread.run(ForkJoinWorkerThread.java:183)
Exception in thread "ForkJoinPool.commonPool-worker-1" java.lang.NoClassDefFoundError: Could not initialize class java.util.concurrent.locks.AbstractQueuedSynchronizer$ExclusiveNode
	at java.base/java.util.concurrent.locks.AbstractQueuedSynchronizer.acquire(AbstractQueuedSynchronizer.java:694)
	at java.base/java.util.concurrent.locks.AbstractQueuedSynchronizer.acquire(AbstractQueuedSynchronizer.java:937)
	at java.base/java.util.concurrent.locks.ReentrantLock$Sync.lock(ReentrantLock.java:153)
	at java.base/java.util.concurrent.locks.ReentrantLock.lock(ReentrantLock.java:322)
	at java.base/java.util.concurrent.ForkJoinTask.recordExceptionalCompletion(ForkJoinTask.java:479)
	at java.base/java.util.concurrent.ForkJoinTask.setExceptionalCompletion(ForkJoinTask.java:507)
	at java.base/java.util.concurrent.ForkJoinTask.doExec(ForkJoinTask.java:298)
	at java.base/java.util.concurrent.ForkJoinPool$WorkQueue.topLevelExec(ForkJoinPool.java:1016)
	at java.base/java.util.concurrent.ForkJoinPool.scan(ForkJoinPool.java:1665)
	at java.base/java.util.concurrent.ForkJoinPool.runWorker(ForkJoinPool.java:1598)
	at java.base/java.util.concurrent.ForkJoinWorkerThread.run(ForkJoinWorkerThread.java:183)
Exception in thread "ForkJoinPool.commonPool-worker-13" java.lang.NoClassDefFoundError: Could not initialize class java.util.concurrent.locks.AbstractQueuedSynchronizer$ExclusiveNode
	at java.base/java.util.concurrent.locks.AbstractQueuedSynchronizer.acquire(AbstractQueuedSynchronizer.java:694)
	at java.base/java.util.concurrent.locks.AbstractQueuedSynchronizer.acquire(AbstractQueuedSynchronizer.java:937)
	at java.base/java.util.concurrent.locks.ReentrantLock$Sync.lock(ReentrantLock.java:153)
	at java.base/java.util.concurrent.locks.ReentrantLock.lock(ReentrantLock.java:322)
	at java.base/java.util.concurrent.ForkJoinTask.recordExceptionalCompletion(ForkJoinTask.java:479)
	at java.base/java.util.concurrent.ForkJoinTask.setExceptionalCompletion(ForkJoinTask.java:507)
	at java.base/java.util.concurrent.ForkJoinTask.doExec(ForkJoinTask.java:298)
	at java.base/java.util.concurrent.ForkJoinPool$WorkQueue.topLevelExec(ForkJoinPool.java:1016)
	at java.base/java.util.concurrent.ForkJoinPool.scan(ForkJoinPool.java:1665)
	at java.base/java.util.concurrent.ForkJoinPool.runWorker(ForkJoinPool.java:1598)
	at java.base/java.util.concurrent.ForkJoinWorkerThread.run(ForkJoinWorkerThread.java:183)
Exception in thread "ForkJoinPool.commonPool-worker-9" java.lang.NoClassDefFoundError: Could not initialize class java.util.concurrent.locks.AbstractQueuedSynchronizer$ExclusiveNode
	at java.base/java.util.concurrent.locks.AbstractQueuedSynchronizer.acquire(AbstractQueuedSynchronizer.java:694)
	at java.base/java.util.concurrent.locks.AbstractQueuedSynchronizer.acquire(AbstractQueuedSynchronizer.java:937)
	at java.base/java.util.concurrent.locks.ReentrantLock$Sync.lock(ReentrantLock.java:153)
	at java.base/java.util.concurrent.locks.ReentrantLock.lock(ReentrantLock.java:322)
	at java.base/java.util.concurrent.ForkJoinTask.recordExceptionalCompletion(ForkJoinTask.java:479)
	at java.base/java.util.concurrent.ForkJoinTask.setExceptionalCompletion(ForkJoinTask.java:507)
	at java.base/java.util.concurrent.ForkJoinTask.doExec(ForkJoinTask.java:298)
	at java.base/java.util.concurrent.ForkJoinPool$WorkQueue.topLevelExec(ForkJoinPool.java:1016)
	at java.base/java.util.concurrent.ForkJoinPool.scan(ForkJoinPool.java:1665)
	at java.base/java.util.concurrent.ForkJoinPool.runWorker(ForkJoinPool.java:1598)
	at java.base/java.util.concurrent.ForkJoinWorkerThread.run(ForkJoinWorkerThread.java:183)
Exception in thread "ForkJoinPool.commonPool-worker-3" java.lang.NoClassDefFoundError: Could not initialize class java.util.concurrent.locks.AbstractQueuedSynchronizer$ExclusiveNode
	at java.base/java.util.concurrent.locks.AbstractQueuedSynchronizer.acquire(AbstractQueuedSynchronizer.java:694)
	at java.base/java.util.concurrent.locks.AbstractQueuedSynchronizer.acquire(AbstractQueuedSynchronizer.java:937)
	at java.base/java.util.concurrent.locks.ReentrantLock$Sync.lock(ReentrantLock.java:153)
	at java.base/java.util.concurrent.locks.ReentrantLock.lock(ReentrantLock.java:322)
	at java.base/java.util.concurrent.ForkJoinTask.recordExceptionalCompletion(ForkJoinTask.java:479)
	at java.base/java.util.concurrent.ForkJoinTask.setExceptionalCompletion(ForkJoinTask.java:507)
	at java.base/java.util.concurrent.ForkJoinTask.doExec(ForkJoinTask.java:298)
	at java.base/java.util.concurrent.ForkJoinPool$WorkQueue.topLevelExec(ForkJoinPool.java:1016)
	at java.base/java.util.concurrent.ForkJoinPool.scan(ForkJoinPool.java:1665)
	at java.base/java.util.concurrent.ForkJoinPool.runWorker(ForkJoinPool.java:1598)
	at java.base/java.util.concurrent.ForkJoinWorkerThread.run(ForkJoinWorkerThread.java:183)
Exception in thread "ForkJoinPool.commonPool-worker-15" java.lang.NoClassDefFoundError: Could not initialize class java.util.concurrent.locks.AbstractQueuedSynchronizer$ExclusiveNode
	at java.base/java.util.concurrent.locks.AbstractQueuedSynchronizer.acquire(AbstractQueuedSynchronizer.java:694)
	at java.base/java.util.concurrent.locks.AbstractQueuedSynchronizer.acquire(AbstractQueuedSynchronizer.java:937)
	at java.base/java.util.concurrent.locks.ReentrantLock$Sync.lock(ReentrantLock.java:153)
	at java.base/java.util.concurrent.locks.ReentrantLock.lock(ReentrantLock.java:322)
	at java.base/java.util.concurrent.ForkJoinTask.recordExceptionalCompletion(ForkJoinTask.java:479)
	at java.base/java.util.concurrent.ForkJoinTask.setExceptionalCompletion(ForkJoinTask.java:507)
	at java.base/java.util.concurrent.ForkJoinTask.doExec(ForkJoinTask.java:298)
	at java.base/java.util.concurrent.ForkJoinPool$WorkQueue.topLevelExec(ForkJoinPool.java:1016)
	at java.base/java.util.concurrent.ForkJoinPool.scan(ForkJoinPool.java:1665)
	at java.base/java.util.concurrent.ForkJoinPool.runWorker(ForkJoinPool.java:1598)
	at java.base/java.util.concurrent.ForkJoinWorkerThread.run(ForkJoinWorkerThread.java:183)
Exception in thread "ForkJoinPool.commonPool-worker-1" java.lang.NoClassDefFoundError: Could not initialize class java.util.concurrent.locks.AbstractQueuedSynchronizer$ExclusiveNode
	at java.base/java.util.concurrent.locks.AbstractQueuedSynchronizer.acquire(AbstractQueuedSynchronizer.java:694)
	at java.base/java.util.concurrent.locks.AbstractQueuedSynchronizer.acquire(AbstractQueuedSynchronizer.java:937)
	at java.base/java.util.concurrent.locks.ReentrantLock$Sync.lock(ReentrantLock.java:153)
	at java.base/java.util.concurrent.locks.ReentrantLock.lock(ReentrantLock.java:322)
	at java.base/java.util.concurrent.ForkJoinTask.recordExceptionalCompletion(ForkJoinTask.java:479)
	at java.base/java.util.concurrent.ForkJoinTask.setExceptionalCompletion(ForkJoinTask.java:507)
	at java.base/java.util.concurrent.ForkJoinTask.doExec(ForkJoinTask.java:298)
	at java.base/java.util.concurrent.ForkJoinPool$WorkQueue.topLevelExec(ForkJoinPool.java:1016)
	at java.base/java.util.concurrent.ForkJoinPool.scan(ForkJoinPool.java:1665)
	at java.base/java.util.concurrent.ForkJoinPool.runWorker(ForkJoinPool.java:1598)
	at java.base/java.util.concurrent.ForkJoinWorkerThread.run(ForkJoinWorkerThread.java:183)
Exception in thread "ForkJoinPool.commonPool-worker-5" java.lang.NoClassDefFoundError: Could not initialize class java.util.concurrent.locks.AbstractQueuedSynchronizer$ExclusiveNode
	at java.base/java.util.concurrent.locks.AbstractQueuedSynchronizer.acquire(AbstractQueuedSynchronizer.java:694)
	at java.base/java.util.concurrent.locks.AbstractQueuedSynchronizer.acquire(AbstractQueuedSynchronizer.java:937)
	at java.base/java.util.concurrent.locks.ReentrantLock$Sync.lock(ReentrantLock.java:153)
	at java.base/java.util.concurrent.locks.ReentrantLock.lock(ReentrantLock.java:322)
	at java.base/java.util.concurrent.ForkJoinTask.recordExceptionalCompletion(ForkJoinTask.java:479)
	at java.base/java.util.concurrent.ForkJoinTask.setExceptionalCompletion(ForkJoinTask.java:507)
	at java.base/java.util.concurrent.ForkJoinTask.doExec(ForkJoinTask.java:298)
	at java.base/java.util.concurrent.ForkJoinPool$WorkQueue.topLevelExec(ForkJoinPool.java:1016)
	at java.base/java.util.concurrent.ForkJoinPool.scan(ForkJoinPool.java:1665)
	at java.base/java.util.concurrent.ForkJoinPool.runWorker(ForkJoinPool.java:1598)
	at java.base/java.util.concurrent.ForkJoinWorkerThread.run(ForkJoinWorkerThread.java:183)
Exception in thread "ForkJoinPool.commonPool-worker-11" java.lang.NoClassDefFoundError: Could not initialize class java.util.concurrent.locks.AbstractQueuedSynchronizer$ExclusiveNode
	at java.base/java.util.concurrent.locks.AbstractQueuedSynchronizer.acquire(AbstractQueuedSynchronizer.java:694)
	at java.base/java.util.concurrent.locks.AbstractQueuedSynchronizer.acquire(AbstractQueuedSynchronizer.java:937)
	at java.base/java.util.concurrent.locks.ReentrantLock$Sync.lock(ReentrantLock.java:153)
	at java.base/java.util.concurrent.locks.ReentrantLock.lock(ReentrantLock.java:322)
	at java.base/java.util.concurrent.ForkJoinTask.recordExceptionalCompletion(ForkJoinTask.java:479)
	at java.base/java.util.concurrent.ForkJoinTask.setExceptionalCompletion(ForkJoinTask.java:507)
	at java.base/java.util.concurrent.ForkJoinTask.doExec(ForkJoinTask.java:298)
	at java.base/java.util.concurrent.ForkJoinPool$WorkQueue.topLevelExec(ForkJoinPool.java:1016)
	at java.base/java.util.concurrent.ForkJoinPool.scan(ForkJoinPool.java:1665)
	at java.base/java.util.concurrent.ForkJoinPool.runWorker(ForkJoinPool.java:1598)
	at java.base/java.util.concurrent.ForkJoinWorkerThread.run(ForkJoinWorkerThread.java:183)
Exception in thread "ForkJoinPool.commonPool-worker-9" java.lang.NoClassDefFoundError: Could not initialize class java.util.concurrent.locks.AbstractQueuedSynchronizer$ExclusiveNode
	at java.base/java.util.concurrent.locks.AbstractQueuedSynchronizer.acquire(AbstractQueuedSynchronizer.java:694)
	at java.base/java.util.concurrent.locks.AbstractQueuedSynchronizer.acquire(AbstractQueuedSynchronizer.java:937)
	at java.base/java.util.concurrent.locks.ReentrantLock$Sync.lock(ReentrantLock.java:153)
	at java.base/java.util.concurrent.locks.ReentrantLock.lock(ReentrantLock.java:322)
	at java.base/java.util.concurrent.ForkJoinTask.recordExceptionalCompletion(ForkJoinTask.java:479)
	at java.base/java.util.concurrent.ForkJoinTask.setExceptionalCompletion(ForkJoinTask.java:507)
	at java.base/java.util.concurrent.ForkJoinTask.doExec(ForkJoinTask.java:298)
	at java.base/java.util.concurrent.ForkJoinPool$WorkQueue.topLevelExec(ForkJoinPool.java:1016)
	at java.base/java.util.concurrent.ForkJoinPool.scan(ForkJoinPool.java:1665)
	at java.base/java.util.concurrent.ForkJoinPool.runWorker(ForkJoinPool.java:1598)
	at java.base/java.util.concurrent.ForkJoinWorkerThread.run(ForkJoinWorkerThread.java:183)
Exception in thread "ForkJoinPool.commonPool-worker-15" java.lang.NoClassDefFoundError: Could not initialize class java.util.concurrent.locks.AbstractQueuedSynchronizer$ExclusiveNode
	at java.base/java.util.concurrent.locks.AbstractQueuedSynchronizer.acquire(AbstractQueuedSynchronizer.java:694)
	at java.base/java.util.concurrent.locks.AbstractQueuedSynchronizer.acquire(AbstractQueuedSynchronizer.java:937)
	at java.base/java.util.concurrent.locks.ReentrantLock$Sync.lock(ReentrantLock.java:153)
	at java.base/java.util.concurrent.locks.ReentrantLock.lock(ReentrantLock.java:322)
	at java.base/java.util.concurrent.ForkJoinTask.recordExceptionalCompletion(ForkJoinTask.java:479)
	at java.base/java.util.concurrent.ForkJoinTask.setExceptionalCompletion(ForkJoinTask.java:507)
	at java.base/java.util.concurrent.ForkJoinTask.doExec(ForkJoinTask.java:298)
	at java.base/java.util.concurrent.ForkJoinPool$WorkQueue.topLevelExec(ForkJoinPool.java:1016)
	at java.base/java.util.concurrent.ForkJoinPool.scan(ForkJoinPool.java:1665)
	at java.base/java.util.concurrent.ForkJoinPool.runWorker(ForkJoinPool.java:1598)
	at java.base/java.util.concurrent.ForkJoinWorkerThread.run(ForkJoinWorkerThread.java:183)
Exception in thread "ForkJoinPool.commonPool-worker-13" java.lang.NoClassDefFoundError: Could not initialize class java.util.concurrent.locks.AbstractQueuedSynchronizer$ExclusiveNode
	at java.base/java.util.concurrent.locks.AbstractQueuedSynchronizer.acquire(AbstractQueuedSynchronizer.java:694)
	at java.base/java.util.concurrent.locks.AbstractQueuedSynchronizer.acquire(AbstractQueuedSynchronizer.java:937)
	at java.base/java.util.concurrent.locks.ReentrantLock$Sync.lock(ReentrantLock.java:153)
	at java.base/java.util.concurrent.locks.ReentrantLock.lock(ReentrantLock.java:322)
	at java.base/java.util.concurrent.ForkJoinTask.recordExceptionalCompletion(ForkJoinTask.java:479)
	at java.base/java.util.concurrent.ForkJoinTask.setExceptionalCompletion(ForkJoinTask.java:507)
	at java.base/java.util.concurrent.ForkJoinTask.doExec(ForkJoinTask.java:298)
	at java.base/java.util.concurrent.ForkJoinPool$WorkQueue.topLevelExec(ForkJoinPool.java:1016)
	at java.base/java.util.concurrent.ForkJoinPool.scan(ForkJoinPool.java:1665)
	at java.base/java.util.concurrent.ForkJoinPool.runWorker(ForkJoinPool.java:1598)
	at java.base/java.util.concurrent.ForkJoinWorkerThread.run(ForkJoinWorkerThread.java:183)
Exception in thread "ForkJoinPool.commonPool-worker-1" java.lang.NoClassDefFoundError: Could not initialize class java.util.concurrent.locks.AbstractQueuedSynchronizer$ExclusiveNode
	at java.base/java.util.concurrent.locks.AbstractQueuedSynchronizer.acquire(AbstractQueuedSynchronizer.java:694)
	at java.base/java.util.concurrent.locks.AbstractQueuedSynchronizer.acquire(AbstractQueuedSynchronizer.java:937)
	at java.base/java.util.concurrent.locks.ReentrantLock$Sync.lock(ReentrantLock.java:153)
	at java.base/java.util.concurrent.locks.ReentrantLock.lock(ReentrantLock.java:322)
	at java.base/java.util.concurrent.ForkJoinTask.recordExceptionalCompletion(ForkJoinTask.java:479)
	at java.base/java.util.concurrent.ForkJoinTask.setExceptionalCompletion(ForkJoinTask.java:507)
	at java.base/java.util.concurrent.ForkJoinTask.doExec(ForkJoinTask.java:298)
	at java.base/java.util.concurrent.ForkJoinPool$WorkQueue.topLevelExec(ForkJoinPool.java:1016)
	at java.base/java.util.concurrent.ForkJoinPool.scan(ForkJoinPool.java:1665)
	at java.base/java.util.concurrent.ForkJoinPool.runWorker(ForkJoinPool.java:1598)
	at java.base/java.util.concurrent.ForkJoinWorkerThread.run(ForkJoinWorkerThread.java:183)
Exception in thread "ForkJoinPool.commonPool-worker-3" java.lang.NoClassDefFoundError: Could not initialize class java.util.concurrent.locks.AbstractQueuedSynchronizer$ExclusiveNode
	at java.base/java.util.concurrent.locks.AbstractQueuedSynchronizer.acquire(AbstractQueuedSynchronizer.java:694)
	at java.base/java.util.concurrent.locks.AbstractQueuedSynchronizer.acquire(AbstractQueuedSynchronizer.java:937)
	at java.base/java.util.concurrent.locks.ReentrantLock$Sync.lock(ReentrantLock.java:153)
	at java.base/java.util.concurrent.locks.ReentrantLock.lock(ReentrantLock.java:322)
	at java.base/java.util.concurrent.ForkJoinTask.recordExceptionalCompletion(ForkJoinTask.java:479)
	at java.base/java.util.concurrent.ForkJoinTask.setExceptionalCompletion(ForkJoinTask.java:507)
	at java.base/java.util.concurrent.ForkJoinTask.doExec(ForkJoinTask.java:298)
	at java.base/java.util.concurrent.ForkJoinPool$WorkQueue.topLevelExec(ForkJoinPool.java:1016)
	at java.base/java.util.concurrent.ForkJoinPool.scan(ForkJoinPool.java:1665)
	at java.base/java.util.concurrent.ForkJoinPool.runWorker(ForkJoinPool.java:1598)
	at java.base/java.util.concurrent.ForkJoinWorkerThread.run(ForkJoinWorkerThread.java:183)
Exception in thread "ForkJoinPool.commonPool-worker-5" java.lang.NoClassDefFoundError: Could not initialize class java.util.concurrent.locks.AbstractQueuedSynchronizer$ExclusiveNode
	at java.base/java.util.concurrent.locks.AbstractQueuedSynchronizer.acquire(AbstractQueuedSynchronizer.java:694)
	at java.base/java.util.concurrent.locks.AbstractQueuedSynchronizer.acquire(AbstractQueuedSynchronizer.java:937)
	at java.base/java.util.concurrent.locks.ReentrantLock$Sync.lock(ReentrantLock.java:153)
	at java.base/java.util.concurrent.locks.ReentrantLock.lock(ReentrantLock.java:322)
	at java.base/java.util.concurrent.ForkJoinTask.recordExceptionalCompletion(ForkJoinTask.java:479)
	at java.base/java.util.concurrent.ForkJoinTask.setExceptionalCompletion(ForkJoinTask.java:507)
	at java.base/java.util.concurrent.ForkJoinTask.doExec(ForkJoinTask.java:298)
	at java.base/java.util.concurrent.ForkJoinPool$WorkQueue.topLevelExec(ForkJoinPool.java:1016)
	at java.base/java.util.concurrent.ForkJoinPool.scan(ForkJoinPool.java:1665)
	at java.base/java.util.concurrent.ForkJoinPool.runWorker(ForkJoinPool.java:1598)
	at java.base/java.util.concurrent.ForkJoinWorkerThread.run(ForkJoinWorkerThread.java:183)
Exception in thread "ForkJoinPool.commonPool-worker-9" java.lang.NoClassDefFoundError: Could not initialize class java.util.concurrent.locks.AbstractQueuedSynchronizer$ExclusiveNode
	at java.base/java.util.concurrent.locks.AbstractQueuedSynchronizer.acquire(AbstractQueuedSynchronizer.java:694)
	at java.base/java.util.concurrent.locks.AbstractQueuedSynchronizer.acquire(AbstractQueuedSynchronizer.java:937)
	at java.base/java.util.concurrent.locks.ReentrantLock$Sync.lock(ReentrantLock.java:153)
	at java.base/java.util.concurrent.locks.ReentrantLock.lock(ReentrantLock.java:322)
	at java.base/java.util.concurrent.ForkJoinTask.recordExceptionalCompletion(ForkJoinTask.java:479)
	at java.base/java.util.concurrent.ForkJoinTask.setExceptionalCompletion(ForkJoinTask.java:507)
	at java.base/java.util.concurrent.ForkJoinTask.doExec(ForkJoinTask.java:298)
	at java.base/java.util.concurrent.ForkJoinPool$WorkQueue.topLevelExec(ForkJoinPool.java:1016)
	at java.base/java.util.concurrent.ForkJoinPool.scan(ForkJoinPool.java:1665)
	at java.base/java.util.concurrent.ForkJoinPool.runWorker(ForkJoinPool.java:1598)
	at java.base/java.util.concurrent.ForkJoinWorkerThread.run(ForkJoinWorkerThread.java:183)
Exception in thread "ForkJoinPool.commonPool-worker-13" java.lang.NoClassDefFoundError: Could not initialize class java.util.concurrent.locks.AbstractQueuedSynchronizer$ExclusiveNode
	at java.base/java.util.concurrent.locks.AbstractQueuedSynchronizer.acquire(AbstractQueuedSynchronizer.java:694)
	at java.base/java.util.concurrent.locks.AbstractQueuedSynchronizer.acquire(AbstractQueuedSynchronizer.java:937)
	at java.base/java.util.concurrent.locks.ReentrantLock$Sync.lock(ReentrantLock.java:153)
	at java.base/java.util.concurrent.locks.ReentrantLock.lock(ReentrantLock.java:322)
	at java.base/java.util.concurrent.ForkJoinTask.recordExceptionalCompletion(ForkJoinTask.java:479)
	at java.base/java.util.concurrent.ForkJoinTask.setExceptionalCompletion(ForkJoinTask.java:507)
	at java.base/java.util.concurrent.ForkJoinTask.doExec(ForkJoinTask.java:298)
	at java.base/java.util.concurrent.ForkJoinPool$WorkQueue.topLevelExec(ForkJoinPool.java:1016)
	at java.base/java.util.concurrent.ForkJoinPool.scan(ForkJoinPool.java:1665)
	at java.base/java.util.concurrent.ForkJoinPool.runWorker(ForkJoinPool.java:1598)
	at java.base/java.util.concurrent.ForkJoinWorkerThread.run(ForkJoinWorkerThread.java:183)
Exception in thread "ForkJoinPool.commonPool-worker-11" java.lang.NoClassDefFoundError: Could not initialize class java.util.concurrent.locks.AbstractQueuedSynchronizer$ExclusiveNode
	at java.base/java.util.concurrent.locks.AbstractQueuedSynchronizer.acquire(AbstractQueuedSynchronizer.java:694)
	at java.base/java.util.concurrent.locks.AbstractQueuedSynchronizer.acquire(AbstractQueuedSynchronizer.java:937)
	at java.base/java.util.concurrent.locks.ReentrantLock$Sync.lock(ReentrantLock.java:153)
	at java.base/java.util.concurrent.locks.ReentrantLock.lock(ReentrantLock.java:322)
	at java.base/java.util.concurrent.ForkJoinTask.recordExceptionalCompletion(ForkJoinTask.java:479)
	at java.base/java.util.concurrent.ForkJoinTask.setExceptionalCompletion(ForkJoinTask.java:507)
	at java.base/java.util.concurrent.ForkJoinTask.doExec(ForkJoinTask.java:298)
	at java.base/java.util.concurrent.ForkJoinPool$WorkQueue.topLevelExec(ForkJoinPool.java:1016)
	at java.base/java.util.concurrent.ForkJoinPool.scan(ForkJoinPool.java:1665)
	at java.base/java.util.concurrent.ForkJoinPool.runWorker(ForkJoinPool.java:1598)
	at java.base/java.util.concurrent.ForkJoinWorkerThread.run(ForkJoinWorkerThread.java:183)
Exception in thread "ForkJoinPool.commonPool-worker-15" java.lang.NoClassDefFoundError: Could not initialize class java.util.concurrent.locks.AbstractQueuedSynchronizer$ExclusiveNode
	at java.base/java.util.concurrent.locks.AbstractQueuedSynchronizer.acquire(AbstractQueuedSynchronizer.java:694)
	at java.base/java.util.concurrent.locks.AbstractQueuedSynchronizer.acquire(AbstractQueuedSynchronizer.java:937)
	at java.base/java.util.concurrent.locks.ReentrantLock$Sync.lock(ReentrantLock.java:153)
	at java.base/java.util.concurrent.locks.ReentrantLock.lock(ReentrantLock.java:322)
	at java.base/java.util.concurrent.ForkJoinTask.recordExceptionalCompletion(ForkJoinTask.java:479)
	at java.base/java.util.concurrent.ForkJoinTask.setExceptionalCompletion(ForkJoinTask.java:507)
	at java.base/java.util.concurrent.ForkJoinTask.doExec(ForkJoinTask.java:298)
	at java.base/java.util.concurrent.ForkJoinPool$WorkQueue.topLevelExec(ForkJoinPool.java:1016)
	at java.base/java.util.concurrent.ForkJoinPool.scan(ForkJoinPool.java:1665)
	at java.base/java.util.concurrent.ForkJoinPool.runWorker(ForkJoinPool.java:1598)
	at java.base/java.util.concurrent.ForkJoinWorkerThread.run(ForkJoinWorkerThread.java:183)
Exception in thread "ForkJoinPool.commonPool-worker-1" java.lang.NoClassDefFoundError: Could not initialize class java.util.concurrent.locks.AbstractQueuedSynchronizer$ExclusiveNode
	at java.base/java.util.concurrent.locks.AbstractQueuedSynchronizer.acquire(AbstractQueuedSynchronizer.java:694)
	at java.base/java.util.concurrent.locks.AbstractQueuedSynchronizer.acquire(AbstractQueuedSynchronizer.java:937)
	at java.base/java.util.concurrent.locks.ReentrantLock$Sync.lock(ReentrantLock.java:153)
	at java.base/java.util.concurrent.locks.ReentrantLock.lock(ReentrantLock.java:322)
	at java.base/java.util.concurrent.ForkJoinTask.recordExceptionalCompletion(ForkJoinTask.java:479)
	at java.base/java.util.concurrent.ForkJoinTask.setExceptionalCompletion(ForkJoinTask.java:507)
	at java.base/java.util.concurrent.ForkJoinTask.doExec(ForkJoinTask.java:298)
	at java.base/java.util.concurrent.ForkJoinPool$WorkQueue.topLevelExec(ForkJoinPool.java:1016)
	at java.base/java.util.concurrent.ForkJoinPool.scan(ForkJoinPool.java:1665)
	at java.base/java.util.concurrent.ForkJoinPool.runWorker(ForkJoinPool.java:1598)
	at java.base/java.util.concurrent.ForkJoinWorkerThread.run(ForkJoinWorkerThread.java:183)
Exception in thread "ForkJoinPool.commonPool-worker-3" java.lang.NoClassDefFoundError: Could not initialize class java.util.concurrent.locks.AbstractQueuedSynchronizer$ExclusiveNode
	at java.base/java.util.concurrent.locks.AbstractQueuedSynchronizer.acquire(AbstractQueuedSynchronizer.java:694)
	at java.base/java.util.concurrent.locks.AbstractQueuedSynchronizer.acquire(AbstractQueuedSynchronizer.java:937)
	at java.base/java.util.concurrent.locks.ReentrantLock$Sync.lock(ReentrantLock.java:153)
	at java.base/java.util.concurrent.locks.ReentrantLock.lock(ReentrantLock.java:322)
	at java.base/java.util.concurrent.ForkJoinTask.recordExceptionalCompletion(ForkJoinTask.java:479)
	at java.base/java.util.concurrent.ForkJoinTask.setExceptionalCompletion(ForkJoinTask.java:507)
	at java.base/java.util.concurrent.ForkJoinTask.doExec(ForkJoinTask.java:298)
	at java.base/java.util.concurrent.ForkJoinPool$WorkQueue.topLevelExec(ForkJoinPool.java:1016)
	at java.base/java.util.concurrent.ForkJoinPool.scan(ForkJoinPool.java:1665)
	at java.base/java.util.concurrent.ForkJoinPool.runWorker(ForkJoinPool.java:1598)
	at java.base/java.util.concurrent.ForkJoinWorkerThread.run(ForkJoinWorkerThread.java:183)
Exception in thread "ForkJoinPool.commonPool-worker-9" java.lang.NoClassDefFoundError: Could not initialize class java.util.concurrent.locks.AbstractQueuedSynchronizer$ExclusiveNode
	at java.base/java.util.concurrent.locks.AbstractQueuedSynchronizer.acquire(AbstractQueuedSynchronizer.java:694)
	at java.base/java.util.concurrent.locks.AbstractQueuedSynchronizer.acquire(AbstractQueuedSynchronizer.java:937)
	at java.base/java.util.concurrent.locks.ReentrantLock$Sync.lock(ReentrantLock.java:153)
	at java.base/java.util.concurrent.locks.ReentrantLock.lock(ReentrantLock.java:322)
	at java.base/java.util.concurrent.ForkJoinTask.recordExceptionalCompletion(ForkJoinTask.java:479)
	at java.base/java.util.concurrent.ForkJoinTask.setExceptionalCompletion(ForkJoinTask.java:507)
	at java.base/java.util.concurrent.ForkJoinTask.doExec(ForkJoinTask.java:298)
	at java.base/java.util.concurrent.ForkJoinPool$WorkQueue.topLevelExec(ForkJoinPool.java:1016)
	at java.base/java.util.concurrent.ForkJoinPool.scan(ForkJoinPool.java:1665)
	at java.base/java.util.concurrent.ForkJoinPool.runWorker(ForkJoinPool.java:1598)
	at java.base/java.util.concurrent.ForkJoinWorkerThread.run(ForkJoinWorkerThread.java:183)
Exception in thread "ForkJoinPool.commonPool-worker-11" java.lang.NoClassDefFoundError: Could not initialize class java.util.concurrent.locks.AbstractQueuedSynchronizer$ExclusiveNode
	at java.base/java.util.concurrent.locks.AbstractQueuedSynchronizer.acquire(AbstractQueuedSynchronizer.java:694)
	at java.base/java.util.concurrent.locks.AbstractQueuedSynchronizer.acquire(AbstractQueuedSynchronizer.java:937)
	at java.base/java.util.concurrent.locks.ReentrantLock$Sync.lock(ReentrantLock.java:153)
	at java.base/java.util.concurrent.locks.ReentrantLock.lock(ReentrantLock.java:322)
	at java.base/java.util.concurrent.ForkJoinTask.recordExceptionalCompletion(ForkJoinTask.java:479)
	at java.base/java.util.concurrent.ForkJoinTask.setExceptionalCompletion(ForkJoinTask.java:507)
	at java.base/java.util.concurrent.ForkJoinTask.doExec(ForkJoinTask.java:298)
	at java.base/java.util.concurrent.ForkJoinPool$WorkQueue.topLevelExec(ForkJoinPool.java:1016)
	at java.base/java.util.concurrent.ForkJoinPool.scan(ForkJoinPool.java:1665)
	at java.base/java.util.concurrent.ForkJoinPool.runWorker(ForkJoinPool.java:1598)
	at java.base/java.util.concurrent.ForkJoinWorkerThread.run(ForkJoinWorkerThread.java:183)
Exception in thread "ForkJoinPool.commonPool-worker-5" java.lang.NoClassDefFoundError: Could not initialize class java.util.concurrent.locks.AbstractQueuedSynchronizer$ExclusiveNode
	at java.base/java.util.concurrent.locks.AbstractQueuedSynchronizer.acquire(AbstractQueuedSynchronizer.java:694)
	at java.base/java.util.concurrent.locks.AbstractQueuedSynchronizer.acquire(AbstractQueuedSynchronizer.java:937)
	at java.base/java.util.concurrent.locks.ReentrantLock$Sync.lock(ReentrantLock.java:153)
	at java.base/java.util.concurrent.locks.ReentrantLock.lock(ReentrantLock.java:322)
	at java.base/java.util.concurrent.ForkJoinTask.recordExceptionalCompletion(ForkJoinTask.java:479)
	at java.base/java.util.concurrent.ForkJoinTask.setExceptionalCompletion(ForkJoinTask.java:507)
	at java.base/java.util.concurrent.ForkJoinTask.doExec(ForkJoinTask.java:298)
	at java.base/java.util.concurrent.ForkJoinPool$WorkQueue.topLevelExec(ForkJoinPool.java:1016)
	at java.base/java.util.concurrent.ForkJoinPool.scan(ForkJoinPool.java:1665)
	at java.base/java.util.concurrent.ForkJoinPool.runWorker(ForkJoinPool.java:1598)
	at java.base/java.util.concurrent.ForkJoinWorkerThread.run(ForkJoinWorkerThread.java:183)
Exception in thread "ForkJoinPool.commonPool-worker-15" java.lang.NoClassDefFoundError: Could not initialize class java.util.concurrent.locks.AbstractQueuedSynchronizer$ExclusiveNode
	at java.base/java.util.concurrent.locks.AbstractQueuedSynchronizer.acquire(AbstractQueuedSynchronizer.java:694)
	at java.base/java.util.concurrent.locks.AbstractQueuedSynchronizer.acquire(AbstractQueuedSynchronizer.java:937)
	at java.base/java.util.concurrent.locks.ReentrantLock$Sync.lock(ReentrantLock.java:153)
	at java.base/java.util.concurrent.locks.ReentrantLock.lock(ReentrantLock.java:322)
	at java.base/java.util.concurrent.ForkJoinTask.recordExceptionalCompletion(ForkJoinTask.java:479)
	at java.base/java.util.concurrent.ForkJoinTask.setExceptionalCompletion(ForkJoinTask.java:507)
	at java.base/java.util.concurrent.ForkJoinTask.doExec(ForkJoinTask.java:298)
	at java.base/java.util.concurrent.ForkJoinPool$WorkQueue.topLevelExec(ForkJoinPool.java:1016)
	at java.base/java.util.concurrent.ForkJoinPool.scan(ForkJoinPool.java:1665)
	at java.base/java.util.concurrent.ForkJoinPool.runWorker(ForkJoinPool.java:1598)
	at java.base/java.util.concurrent.ForkJoinWorkerThread.run(ForkJoinWorkerThread.java:183)
Exception in thread "ForkJoinPool.commonPool-worker-13" java.lang.NoClassDefFoundError: Could not initialize class java.util.concurrent.locks.AbstractQueuedSynchronizer$ExclusiveNode
	at java.base/java.util.concurrent.locks.AbstractQueuedSynchronizer.acquire(AbstractQueuedSynchronizer.java:694)
	at java.base/java.util.concurrent.locks.AbstractQueuedSynchronizer.acquire(AbstractQueuedSynchronizer.java:937)
	at java.base/java.util.concurrent.locks.ReentrantLock$Sync.lock(ReentrantLock.java:153)
	at java.base/java.util.concurrent.locks.ReentrantLock.lock(ReentrantLock.java:322)
	at java.base/java.util.concurrent.ForkJoinTask.recordExceptionalCompletion(ForkJoinTask.java:479)
	at java.base/java.util.concurrent.ForkJoinTask.setExceptionalCompletion(ForkJoinTask.java:507)
	at java.base/java.util.concurrent.ForkJoinTask.doExec(ForkJoinTask.java:298)
	at java.base/java.util.concurrent.ForkJoinPool$WorkQueue.topLevelExec(ForkJoinPool.java:1016)
	at java.base/java.util.concurrent.ForkJoinPool.scan(ForkJoinPool.java:1665)
	at java.base/java.util.concurrent.ForkJoinPool.runWorker(ForkJoinPool.java:1598)
	at java.base/java.util.concurrent.ForkJoinWorkerThread.run(ForkJoinWorkerThread.java:183)
Exception in thread "ForkJoinPool.commonPool-worker-9" java.lang.NoClassDefFoundError: Could not initialize class java.util.concurrent.locks.AbstractQueuedSynchronizer$ExclusiveNode
	at java.base/java.util.concurrent.locks.AbstractQueuedSynchronizer.acquire(AbstractQueuedSynchronizer.java:694)
	at java.base/java.util.concurrent.locks.AbstractQueuedSynchronizer.acquire(AbstractQueuedSynchronizer.java:937)
	at java.base/java.util.concurrent.locks.ReentrantLock$Sync.lock(ReentrantLock.java:153)
	at java.base/java.util.concurrent.locks.ReentrantLock.lock(ReentrantLock.java:322)
	at java.base/java.util.concurrent.ForkJoinTask.recordExceptionalCompletion(ForkJoinTask.java:479)
	at java.base/java.util.concurrent.ForkJoinTask.setExceptionalCompletion(ForkJoinTask.java:507)
	at java.base/java.util.concurrent.ForkJoinTask.doExec(ForkJoinTask.java:298)
	at java.base/java.util.concurrent.ForkJoinPool$WorkQueue.topLevelExec(ForkJoinPool.java:1016)
	at java.base/java.util.concurrent.ForkJoinPool.scan(ForkJoinPool.java:1665)
	at java.base/java.util.concurrent.ForkJoinPool.runWorker(ForkJoinPool.java:1598)
	at java.base/java.util.concurrent.ForkJoinWorkerThread.run(ForkJoinWorkerThread.java:183)
Exception in thread "ForkJoinPool.commonPool-worker-1" java.lang.NoClassDefFoundError: Could not initialize class java.util.concurrent.locks.AbstractQueuedSynchronizer$ExclusiveNode
	at java.base/java.util.concurrent.locks.AbstractQueuedSynchronizer.acquire(AbstractQueuedSynchronizer.java:694)
	at java.base/java.util.concurrent.locks.AbstractQueuedSynchronizer.acquire(AbstractQueuedSynchronizer.java:937)
	at java.base/java.util.concurrent.locks.ReentrantLock$Sync.lock(ReentrantLock.java:153)
	at java.base/java.util.concurrent.locks.ReentrantLock.lock(ReentrantLock.java:322)
	at java.base/java.util.concurrent.ForkJoinTask.recordExceptionalCompletion(ForkJoinTask.java:479)
	at java.base/java.util.concurrent.ForkJoinTask.setExceptionalCompletion(ForkJoinTask.java:507)
	at java.base/java.util.concurrent.ForkJoinTask.doExec(ForkJoinTask.java:298)
	at java.base/java.util.concurrent.ForkJoinPool$WorkQueue.topLevelExec(ForkJoinPool.java:1016)
	at java.base/java.util.concurrent.ForkJoinPool.scan(ForkJoinPool.java:1665)
	at java.base/java.util.concurrent.ForkJoinPool.runWorker(ForkJoinPool.java:1598)
	at java.base/java.util.concurrent.ForkJoinWorkerThread.run(ForkJoinWorkerThread.java:183)
]]></system-err>
  </testcase>
</testsuite>